8/9/2021, 11:19:18 PM - INFO - Server is running on port: 3030 
8/9/2021, 11:24:40 PM - INFO - Server is running on port: 3030 
8/9/2021, 11:25:25 PM - INFO - Server is running on port: 3030 
8/9/2021, 11:25:25 PM - INFO - Server is running on port: 3030 
8/9/2021, 11:25:59 PM - INFO - Server is running on port: 3030 
8/9/2021, 11:28:09 PM - INFO - Server is running on port: 3030 
8/9/2021, 11:34:15 PM - INFO - Server is running on port: 3030 
8/9/2021, 11:34:18 PM - INFO - Server is running on port: 3030 
8/9/2021, 11:34:30 PM - INFO - Server is running on port: 3030 
8/9/2021, 11:35:24 PM - INFO - Server is running on port: 3030 
8/9/2021, 11:35:25 PM - INFO - Server is running on port: 3030 
8/9/2021, 11:35:25 PM - INFO - Server is running on port: 3030 
8/9/2021, 11:37:16 PM - INFO - Server is running on port: 3030 
8/9/2021, 11:37:16 PM - INFO - Server is running on port: 3030 
8/9/2021, 11:37:53 PM - INFO - Server is running on port: 3030 
8/9/2021, 11:38:01 PM - INFO - Server is running on port: 3030 
8/9/2021, 11:38:27 PM - INFO - Server is running on port: 3030 
8/9/2021, 11:39:42 PM - INFO - Server is running on port: 3030 
8/9/2021, 11:39:47 PM - INFO - Server is running on port: 3030 
8/9/2021, 11:39:51 PM - INFO - Server is running on port: 3030 
8/9/2021, 11:41:08 PM - INFO - Server is running on port: 3030 
8/9/2021, 11:42:01 PM - INFO - Server is running on port: 3030 
8/9/2021, 11:52:31 PM - INFO - Server is running on port: 3030 
8/10/2021, 12:00:08 AM - INFO - Server is running on port: 3030 
8/10/2021, 12:03:20 AM - INFO - Server is running on port: 3030 
8/10/2021, 12:04:16 AM - INFO - Server is running on port: 3030 
8/10/2021, 9:02:26 AM - INFO - Server is running on port: 3030 
8/10/2021, 9:02:28 AM - INFO - Server is running on port: 3030 
8/10/2021, 9:05:52 AM - INFO - Server is running on port: 3030 
8/10/2021, 9:06:57 AM - INFO - Server is running on port: 3030 
8/10/2021, 9:06:58 AM - INFO - Server is running on port: 3030 
8/10/2021, 9:10:32 AM - INFO - Server is running on port: 3030 
8/10/2021, 9:11:02 AM - INFO - Server is running on port: 3030 
8/10/2021, 9:12:03 AM - INFO - Server is running on port: 3030 
8/10/2021, 9:13:25 AM - INFO - Server is running on port: 3030 
8/10/2021, 10:05:36 AM - INFO - Server is running on port: 3030 
8/10/2021, 10:05:40 AM - INFO - Server is running on port: 3030 
8/10/2021, 10:06:01 AM - INFO - Server is running on port: 3030 
8/10/2021, 10:08:04 AM - INFO - Server is running on port: 3030 
8/10/2021, 10:08:08 AM - INFO - Server is running on port: 3030 
8/10/2021, 10:09:27 AM - INFO - Server is running on port: 3030 
8/10/2021, 10:10:08 AM - INFO - Server is running on port: 3030 
8/10/2021, 10:12:36 AM - INFO - Server is running on port: 3030 
8/10/2021, 10:48:05 AM - INFO - Server is running on port: 3030 
8/10/2021, 10:48:33 AM - INFO - Server is running on port: 3030 
8/10/2021, 10:48:37 AM - INFO - Server is running on port: 3030 
8/10/2021, 10:49:26 AM - INFO - Server is running on port: 3030 
8/10/2021, 10:49:50 AM - INFO - Server is running on port: 3030 
8/10/2021, 10:50:02 AM - INFO - Server is running on port: 3030 
8/10/2021, 10:51:29 AM - INFO - Server is running on port: 3030 
8/10/2021, 10:51:52 AM - INFO - Server is running on port: 3030 
8/10/2021, 11:13:03 AM - INFO - Server is running on port: 3030 
8/10/2021, 11:13:23 AM - INFO - Server is running on port: 3030 
8/10/2021, 11:13:54 AM - INFO - Server is running on port: 3030 
8/10/2021, 12:41:13 PM - INFO - Server is running on port: 3030 
8/10/2021, 12:41:22 PM - INFO - Server is running on port: 3030 
8/10/2021, 12:41:36 PM - INFO - Server is running on port: 3030 
8/10/2021, 1:57:19 PM - INFO - Server is running on port: 3030 
8/10/2021, 2:18:21 PM - INFO - Server is running on port: 3030 
8/10/2021, 2:20:06 PM - INFO - Server is running on port: 3030 
8/10/2021, 2:20:57 PM - INFO - Server is running on port: 3030 
8/10/2021, 2:24:56 PM - INFO - Server is running on port: 3030 
8/10/2021, 2:25:01 PM - ERROR - cannot add new Board | TypeError: Cannot read property '_id' of null (sid: AKiDLHbK-AiVlLgH-HvwlMQHKgE6odH9)
8/10/2021, 2:25:01 PM - ERROR - Failed to creat new board | TypeError: Cannot read property '_id' of null (sid: AKiDLHbK-AiVlLgH-HvwlMQHKgE6odH9)
8/10/2021, 2:26:18 PM - INFO - Server is running on port: 3030 
8/10/2021, 2:26:26 PM - ERROR - cannot add new Board | TypeError: Cannot read property '_id' of null (sid: 1FmXA-8YCYYJ_ZNpioldpSyWM8mlaVyj)
8/10/2021, 2:26:26 PM - ERROR - Failed to creat new board | TypeError: Cannot read property '_id' of null (sid: 1FmXA-8YCYYJ_ZNpioldpSyWM8mlaVyj)
8/10/2021, 2:28:27 PM - ERROR - cannot add new Board | TypeError: Cannot read property '_id' of null (sid: 1FmXA-8YCYYJ_ZNpioldpSyWM8mlaVyj)
8/10/2021, 2:28:27 PM - ERROR - Failed to creat new board | TypeError: Cannot read property '_id' of null (sid: 1FmXA-8YCYYJ_ZNpioldpSyWM8mlaVyj)
8/10/2021, 2:30:10 PM - ERROR - cannot add new Board | TypeError: Cannot read property '_id' of null (sid: 1FmXA-8YCYYJ_ZNpioldpSyWM8mlaVyj)
8/10/2021, 2:30:10 PM - ERROR - Failed to creat new board | TypeError: Cannot read property '_id' of null (sid: 1FmXA-8YCYYJ_ZNpioldpSyWM8mlaVyj)
8/10/2021, 2:30:28 PM - ERROR - cannot add new Board | TypeError: Cannot read property '_id' of null (sid: 1FmXA-8YCYYJ_ZNpioldpSyWM8mlaVyj)
8/10/2021, 2:30:28 PM - ERROR - Failed to creat new board | TypeError: Cannot read property '_id' of null (sid: 1FmXA-8YCYYJ_ZNpioldpSyWM8mlaVyj)
8/10/2021, 2:31:33 PM - INFO - Server is running on port: 3030 
8/10/2021, 2:32:44 PM - INFO - Server is running on port: 3030 
8/10/2021, 2:33:13 PM - INFO - Server is running on port: 3030 
8/10/2021, 2:34:04 PM - INFO - Server is running on port: 3030 
8/10/2021, 2:34:11 PM - INFO - Server is running on port: 3030 
8/10/2021, 2:34:22 PM - INFO - Server is running on port: 3030 
8/10/2021, 4:29:06 PM - INFO - Server is running on port: 3030 
8/10/2021, 4:31:49 PM - INFO - Server is running on port: 3030 
8/10/2021, 4:33:43 PM - INFO - Server is running on port: 3030 
8/10/2021, 4:51:02 PM - INFO - Server is running on port: 3030 
8/10/2021, 4:57:00 PM - INFO - Server is running on port: 3030 
8/10/2021, 4:59:10 PM - INFO - Server is running on port: 3030 
8/10/2021, 4:59:16 PM - INFO - Server is running on port: 3030 
8/10/2021, 5:11:19 PM - INFO - Server is running on port: 3030 
8/10/2021, 5:13:18 PM - INFO - Server is running on port: 3030 
8/10/2021, 5:14:45 PM - INFO - Server is running on port: 3030 
8/10/2021, 5:14:50 PM - INFO - Server is running on port: 3030 
8/10/2021, 5:14:52 PM - ERROR - cannot remove board iJZ5t | ReferenceError: err is not defined (sid: yYMyyqlg6KaAm-cPorpfnZBSrWlsWAny)
8/10/2021, 5:14:52 PM - ERROR - Failed to delete board | ReferenceError: err is not defined (sid: yYMyyqlg6KaAm-cPorpfnZBSrWlsWAny)
8/10/2021, 5:17:38 PM - ERROR - cannot remove board iJZ5t | ReferenceError: err is not defined (sid: yYMyyqlg6KaAm-cPorpfnZBSrWlsWAny)
8/10/2021, 5:17:38 PM - ERROR - Failed to delete board | ReferenceError: err is not defined (sid: yYMyyqlg6KaAm-cPorpfnZBSrWlsWAny)
8/10/2021, 9:25:09 PM - INFO - Server is running on port: 3030 
8/10/2021, 9:26:54 PM - INFO - Server is running on port: 3030 
8/10/2021, 9:32:56 PM - INFO - Server is running on port: 3030 
8/10/2021, 9:37:54 PM - INFO - Server is running on port: 3030 
8/10/2021, 9:37:56 PM - INFO - Server is running on port: 3030 
8/10/2021, 9:38:00 PM - INFO - Server is running on port: 3030 
8/10/2021, 9:38:11 PM - INFO - Server is running on port: 3030 
8/10/2021, 10:17:49 PM - INFO - Server is running on port: 3030 
8/10/2021, 10:28:35 PM - INFO - Server is running on port: 3030 
8/10/2021, 10:40:17 PM - INFO - Server is running on port: 3030 
8/10/2021, 10:40:51 PM - INFO - Server is running on port: 3030 
8/10/2021, 10:41:28 PM - INFO - Server is running on port: 3030 
8/10/2021, 10:42:44 PM - INFO - Server is running on port: 3030 
8/10/2021, 10:47:32 PM - INFO - Server is running on port: 3030 
8/10/2021, 10:49:17 PM - INFO - Server is running on port: 3030 
8/10/2021, 10:51:21 PM - INFO - Server is running on port: 3030 
8/10/2021, 10:53:40 PM - INFO - Server is running on port: 3030 
8/10/2021, 10:57:59 PM - INFO - Server is running on port: 3030 
8/10/2021, 10:58:29 PM - INFO - Server is running on port: 3030 
8/10/2021, 10:59:01 PM - INFO - Server is running on port: 3030 
8/10/2021, 11:00:11 PM - INFO - Server is running on port: 3030 
8/10/2021, 11:05:48 PM - ERROR - Failed to move piece on board | TypeError: Cannot read property '0' of undefined (sid: 6_KAEMzA4QdUzkUab7VGnvrc7UwJLUOR)
8/10/2021, 11:08:32 PM - INFO - Server is running on port: 3030 
8/10/2021, 11:09:41 PM - INFO - Server is running on port: 3030 
8/10/2021, 11:09:57 PM - ERROR - Failed to move piece on board | TypeError: Cannot read property '0' of undefined (sid: PuMCjqHVqELcz5d05Q5e8Nwg699lgU-T)
8/10/2021, 11:11:02 PM - INFO - Server is running on port: 3030 
8/10/2021, 11:11:19 PM - ERROR - Failed to move piece on board | TypeError: Cannot read property '0' of undefined (sid: uvOBR265TqjFe3Il9bfcv5Oi6aVRzbOD)
8/10/2021, 11:29:26 PM - INFO - Server is running on port: 3030 
8/10/2021, 11:32:27 PM - INFO - Server is running on port: 3030 
8/10/2021, 11:32:47 PM - INFO - Server is running on port: 3030 
8/10/2021, 11:35:09 PM - INFO - Server is running on port: 3030 
8/10/2021, 11:36:40 PM - INFO - Server is running on port: 3030 
8/10/2021, 11:37:37 PM - INFO - Server is running on port: 3030 
8/10/2021, 11:38:24 PM - INFO - Server is running on port: 3030 
8/10/2021, 11:40:29 PM - INFO - Server is running on port: 3030 
8/10/2021, 11:41:17 PM - INFO - Server is running on port: 3030 
8/10/2021, 11:46:05 PM - INFO - Server is running on port: 3030 
8/11/2021, 12:02:45 AM - INFO - Server is running on port: 3030 
8/11/2021, 9:51:54 AM - INFO - Server is running on port: 3030 
8/11/2021, 10:02:45 AM - INFO - Server is running on port: 3030 
8/11/2021, 10:04:34 AM - INFO - Server is running on port: 3030 
8/11/2021, 10:51:26 AM - INFO - Server is running on port: 3030 
8/11/2021, 4:55:17 PM - INFO - Server is running on port: 3030 
8/11/2021, 6:38:41 PM - INFO - Server is running on port: 3030 
8/12/2021, 3:25:44 PM - INFO - Server is running on port: 3030 
8/12/2021, 3:27:07 PM - INFO - Server is running on port: 3030 
8/12/2021, 3:27:14 PM - INFO - Server is running on port: 3030 
8/12/2021, 3:29:06 PM - INFO - Server is running on port: 3030 
8/12/2021, 3:30:10 PM - INFO - Server is running on port: 3030 
8/12/2021, 3:30:14 PM - INFO - Server is running on port: 3030 
8/12/2021, 3:31:25 PM - INFO - Server is running on port: 3030 
8/12/2021, 4:08:42 PM - INFO - Server is running on port: 3030 
8/12/2021, 4:09:10 PM - INFO - Server is running on port: 3030 
8/12/2021, 4:27:39 PM - INFO - Server is running on port: 3030 
8/12/2021, 4:27:46 PM - INFO - Server is running on port: 3030 
8/12/2021, 4:27:58 PM - INFO - Server is running on port: 3030 
8/12/2021, 4:28:03 PM - INFO - Server is running on port: 3030 
8/12/2021, 4:28:09 PM - INFO - Server is running on port: 3030 
8/12/2021, 4:41:49 PM - INFO - Server is running on port: 3030 
8/12/2021, 4:56:26 PM - INFO - Server is running on port: 3030 
8/12/2021, 5:01:31 PM - INFO - Server is running on port: 3030 
8/12/2021, 5:07:42 PM - INFO - Server is running on port: 3030 
8/12/2021, 5:34:16 PM - INFO - Server is running on port: 3030 
8/12/2021, 5:34:43 PM - INFO - Server is running on port: 3030 
8/12/2021, 5:36:51 PM - INFO - Server is running on port: 3030 
8/12/2021, 5:44:43 PM - INFO - Server is running on port: 3030 
8/12/2021, 5:52:16 PM - INFO - Server is running on port: 3030 
8/12/2021, 5:52:44 PM - INFO - Server is running on port: 3030 
8/12/2021, 5:53:20 PM - INFO - Server is running on port: 3030 
8/12/2021, 5:55:37 PM - INFO - Server is running on port: 3030 
8/12/2021, 5:58:34 PM - INFO - Server is running on port: 3030 
8/12/2021, 5:59:56 PM - INFO - Server is running on port: 3030 
8/12/2021, 6:02:24 PM - ERROR - Failed to update user | ReferenceError: logger is not defined (sid: YGHzHy-xQ6KxA3Rh3JRbTGoSDlMppceC)
8/12/2021, 6:13:52 PM - INFO - Server is running on port: 3030 
8/12/2021, 6:17:01 PM - INFO - Server is running on port: 3030 
8/12/2021, 6:22:31 PM - INFO - Server is running on port: 3030 
8/12/2021, 6:23:13 PM - INFO - Server is running on port: 3030 
8/12/2021, 6:23:25 PM - INFO - Server is running on port: 3030 
8/12/2021, 6:23:51 PM - INFO - Server is running on port: 3030 
8/12/2021, 6:23:53 PM - INFO - Server is running on port: 3030 
8/12/2021, 6:29:45 PM - INFO - Server is running on port: 3030 
8/13/2021, 12:32:24 AM - INFO - Server is running on port: 3030 
8/13/2021, 1:33:56 AM - INFO - Server is running on port: 3030 
8/13/2021, 1:34:18 AM - DEBUG - auth.service - login with username: undefined (sid: OSTaicNvZoW0dn73kvkxomtsC_OlG9TF)
8/13/2021, 1:34:18 AM - ERROR - Failed to Login Invalid username or password (sid: OSTaicNvZoW0dn73kvkxomtsC_OlG9TF)
8/13/2021, 1:34:41 AM - DEBUG - auth.service - login with username: admin (sid: OSTaicNvZoW0dn73kvkxomtsC_OlG9TF)
8/13/2021, 1:36:01 AM - DEBUG - auth.service - login with username: admin (sid: OSTaicNvZoW0dn73kvkxomtsC_OlG9TF)
8/13/2021, 1:43:06 AM - DEBUG - auth.service - login with username: admin (sid: OSTaicNvZoW0dn73kvkxomtsC_OlG9TF)
8/13/2021, 1:45:04 AM - INFO - Req from: undefined (sid: OSTaicNvZoW0dn73kvkxomtsC_OlG9TF)
8/13/2021, 1:45:04 AM - INFO - Req from: undefined (sid: OSTaicNvZoW0dn73kvkxomtsC_OlG9TF)
8/13/2021, 1:45:04 AM - INFO - Req from: undefined (sid: OSTaicNvZoW0dn73kvkxomtsC_OlG9TF)
8/13/2021, 1:45:04 AM - INFO - Req from: undefined (sid: OSTaicNvZoW0dn73kvkxomtsC_OlG9TF)
8/13/2021, 1:51:10 AM - INFO - Req from: undefined (sid: OSTaicNvZoW0dn73kvkxomtsC_OlG9TF)
8/13/2021, 1:51:10 AM - INFO - Req from: undefined (sid: OSTaicNvZoW0dn73kvkxomtsC_OlG9TF)
8/13/2021, 1:51:10 AM - INFO - Req from: undefined (sid: OSTaicNvZoW0dn73kvkxomtsC_OlG9TF)
8/13/2021, 1:51:10 AM - INFO - Req from: undefined (sid: OSTaicNvZoW0dn73kvkxomtsC_OlG9TF)
8/13/2021, 1:52:00 AM - INFO - Req from: undefined (sid: OSTaicNvZoW0dn73kvkxomtsC_OlG9TF)
8/13/2021, 1:52:00 AM - INFO - Req from: undefined (sid: OSTaicNvZoW0dn73kvkxomtsC_OlG9TF)
8/13/2021, 1:52:00 AM - INFO - Req from: undefined (sid: OSTaicNvZoW0dn73kvkxomtsC_OlG9TF)
8/13/2021, 1:52:00 AM - INFO - Req from: undefined (sid: OSTaicNvZoW0dn73kvkxomtsC_OlG9TF)
8/13/2021, 1:52:38 AM - INFO - Req from: undefined (sid: OSTaicNvZoW0dn73kvkxomtsC_OlG9TF)
8/13/2021, 1:52:38 AM - INFO - Req from: undefined (sid: OSTaicNvZoW0dn73kvkxomtsC_OlG9TF)
8/13/2021, 1:52:38 AM - INFO - Req from: undefined (sid: OSTaicNvZoW0dn73kvkxomtsC_OlG9TF)
8/13/2021, 1:52:38 AM - INFO - Req from: undefined (sid: OSTaicNvZoW0dn73kvkxomtsC_OlG9TF)
8/13/2021, 1:54:15 AM - INFO - Req from: undefined (sid: OSTaicNvZoW0dn73kvkxomtsC_OlG9TF)
8/13/2021, 1:54:15 AM - INFO - Req from: undefined (sid: OSTaicNvZoW0dn73kvkxomtsC_OlG9TF)
8/13/2021, 1:54:16 AM - INFO - Req from: undefined (sid: OSTaicNvZoW0dn73kvkxomtsC_OlG9TF)
8/13/2021, 1:54:16 AM - INFO - Req from: undefined (sid: OSTaicNvZoW0dn73kvkxomtsC_OlG9TF)
8/13/2021, 11:43:56 PM - INFO - Server is running on port: 3030 
8/13/2021, 11:43:59 PM - DEBUG - auth.service - login with username: admin (sid: qs4nPURjgZLs17L7eNGVQzHiyiP5gqXG)
8/13/2021, 11:49:11 PM - INFO - Req from: undefined (sid: qs4nPURjgZLs17L7eNGVQzHiyiP5gqXG)
8/13/2021, 11:49:11 PM - INFO - Req from: undefined (sid: qs4nPURjgZLs17L7eNGVQzHiyiP5gqXG)
8/13/2021, 11:49:11 PM - INFO - Req from: undefined (sid: qs4nPURjgZLs17L7eNGVQzHiyiP5gqXG)
8/13/2021, 11:49:11 PM - INFO - Req from: undefined (sid: qs4nPURjgZLs17L7eNGVQzHiyiP5gqXG)
8/13/2021, 11:55:35 PM - INFO - Req from: undefined (sid: qs4nPURjgZLs17L7eNGVQzHiyiP5gqXG)
8/13/2021, 11:55:35 PM - INFO - Req from: undefined (sid: qs4nPURjgZLs17L7eNGVQzHiyiP5gqXG)
8/13/2021, 11:55:35 PM - INFO - Req from: undefined (sid: qs4nPURjgZLs17L7eNGVQzHiyiP5gqXG)
8/13/2021, 11:55:35 PM - INFO - Req from: undefined (sid: qs4nPURjgZLs17L7eNGVQzHiyiP5gqXG)
8/13/2021, 11:56:34 PM - INFO - Req from: undefined (sid: qs4nPURjgZLs17L7eNGVQzHiyiP5gqXG)
8/13/2021, 11:56:34 PM - INFO - Req from: undefined (sid: qs4nPURjgZLs17L7eNGVQzHiyiP5gqXG)
8/13/2021, 11:56:34 PM - INFO - Req from: undefined (sid: qs4nPURjgZLs17L7eNGVQzHiyiP5gqXG)
8/13/2021, 11:56:34 PM - INFO - Req from: undefined (sid: qs4nPURjgZLs17L7eNGVQzHiyiP5gqXG)
8/13/2021, 11:56:38 PM - INFO - Req from: undefined (sid: qs4nPURjgZLs17L7eNGVQzHiyiP5gqXG)
8/13/2021, 11:56:38 PM - INFO - Req from: undefined (sid: qs4nPURjgZLs17L7eNGVQzHiyiP5gqXG)
8/13/2021, 11:56:38 PM - INFO - Req from: undefined (sid: qs4nPURjgZLs17L7eNGVQzHiyiP5gqXG)
8/13/2021, 11:56:38 PM - INFO - Req from: undefined (sid: qs4nPURjgZLs17L7eNGVQzHiyiP5gqXG)
8/13/2021, 11:56:47 PM - INFO - Req from: undefined (sid: qs4nPURjgZLs17L7eNGVQzHiyiP5gqXG)
8/13/2021, 11:56:47 PM - DEBUG - auth.service - login with username: admin (sid: qs4nPURjgZLs17L7eNGVQzHiyiP5gqXG)
8/13/2021, 11:56:47 PM - INFO - Req from: undefined (sid: qs4nPURjgZLs17L7eNGVQzHiyiP5gqXG)
8/13/2021, 11:56:47 PM - INFO - Req from: undefined (sid: qs4nPURjgZLs17L7eNGVQzHiyiP5gqXG)
8/13/2021, 11:56:47 PM - INFO - Req from: undefined (sid: qs4nPURjgZLs17L7eNGVQzHiyiP5gqXG)
8/13/2021, 11:56:56 PM - INFO - Req from: undefined (sid: qs4nPURjgZLs17L7eNGVQzHiyiP5gqXG)
8/13/2021, 11:56:56 PM - INFO - Req from: undefined (sid: qs4nPURjgZLs17L7eNGVQzHiyiP5gqXG)
8/13/2021, 11:56:56 PM - INFO - Req from: undefined (sid: qs4nPURjgZLs17L7eNGVQzHiyiP5gqXG)
8/13/2021, 11:56:56 PM - INFO - Req from: undefined (sid: qs4nPURjgZLs17L7eNGVQzHiyiP5gqXG)
8/13/2021, 11:57:02 PM - DEBUG - auth.service - login with username: admin (sid: qs4nPURjgZLs17L7eNGVQzHiyiP5gqXG)
8/13/2021, 11:57:02 PM - INFO - Req from: undefined (sid: qs4nPURjgZLs17L7eNGVQzHiyiP5gqXG)
8/13/2021, 11:59:45 PM - INFO - Req from: undefined (sid: qs4nPURjgZLs17L7eNGVQzHiyiP5gqXG)
8/13/2021, 11:59:45 PM - INFO - Req from: undefined (sid: qs4nPURjgZLs17L7eNGVQzHiyiP5gqXG)
8/13/2021, 11:59:45 PM - INFO - Req from: undefined (sid: qs4nPURjgZLs17L7eNGVQzHiyiP5gqXG)
8/13/2021, 11:59:45 PM - INFO - Req from: undefined (sid: qs4nPURjgZLs17L7eNGVQzHiyiP5gqXG)
8/14/2021, 12:00:23 AM - INFO - Server is running on port: 3030 
8/14/2021, 12:21:37 PM - INFO - Server is running on port: 3030 
8/14/2021, 12:24:33 PM - DEBUG - auth.service - login with username: admin (sid: b_lrWV0cYH1rUp9pU1ASVwXoCKFlk5ok)
8/14/2021, 12:24:33 PM - INFO - Req from: undefined (sid: b_lrWV0cYH1rUp9pU1ASVwXoCKFlk5ok)
8/14/2021, 12:24:33 PM - INFO - Req from: undefined (sid: b_lrWV0cYH1rUp9pU1ASVwXoCKFlk5ok)
8/14/2021, 12:24:33 PM - INFO - Req from: undefined (sid: b_lrWV0cYH1rUp9pU1ASVwXoCKFlk5ok)
8/14/2021, 12:24:33 PM - INFO - Req from: undefined (sid: b_lrWV0cYH1rUp9pU1ASVwXoCKFlk5ok)
8/14/2021, 12:24:33 PM - INFO - Req from: undefined (sid: b_lrWV0cYH1rUp9pU1ASVwXoCKFlk5ok)
8/14/2021, 2:40:52 PM - DEBUG - auth.service - login with username: admin (sid: EV3KaGIuWUczSVqut7tWM5b53X7nLxcC)
8/14/2021, 2:40:52 PM - INFO - Req from: undefined (sid: EV3KaGIuWUczSVqut7tWM5b53X7nLxcC)
8/14/2021, 2:40:52 PM - INFO - Req from: undefined (sid: EV3KaGIuWUczSVqut7tWM5b53X7nLxcC)
8/14/2021, 2:40:52 PM - INFO - Req from: undefined (sid: EV3KaGIuWUczSVqut7tWM5b53X7nLxcC)
8/14/2021, 2:40:52 PM - INFO - Req from: undefined (sid: EV3KaGIuWUczSVqut7tWM5b53X7nLxcC)
8/14/2021, 2:41:11 PM - INFO - Req from: undefined (sid: EV3KaGIuWUczSVqut7tWM5b53X7nLxcC)
8/14/2021, 2:41:24 PM - INFO - Req from: undefined (sid: EV3KaGIuWUczSVqut7tWM5b53X7nLxcC)
8/14/2021, 2:41:24 PM - INFO - Req from: undefined (sid: EV3KaGIuWUczSVqut7tWM5b53X7nLxcC)
8/14/2021, 2:41:24 PM - INFO - Req from: undefined (sid: EV3KaGIuWUczSVqut7tWM5b53X7nLxcC)
8/14/2021, 2:41:24 PM - INFO - Req from: undefined (sid: EV3KaGIuWUczSVqut7tWM5b53X7nLxcC)
8/14/2021, 2:46:01 PM - INFO - Req from: undefined (sid: EV3KaGIuWUczSVqut7tWM5b53X7nLxcC)
8/14/2021, 2:46:01 PM - INFO - Req from: undefined (sid: EV3KaGIuWUczSVqut7tWM5b53X7nLxcC)
8/14/2021, 2:46:01 PM - INFO - Req from: undefined (sid: EV3KaGIuWUczSVqut7tWM5b53X7nLxcC)
8/14/2021, 2:46:01 PM - INFO - Req from: undefined (sid: EV3KaGIuWUczSVqut7tWM5b53X7nLxcC)
8/14/2021, 2:46:05 PM - INFO - Req from: undefined (sid: EV3KaGIuWUczSVqut7tWM5b53X7nLxcC)
8/14/2021, 2:46:14 PM - INFO - Req from: undefined (sid: EV3KaGIuWUczSVqut7tWM5b53X7nLxcC)
8/14/2021, 2:46:14 PM - INFO - Req from: undefined (sid: EV3KaGIuWUczSVqut7tWM5b53X7nLxcC)
8/14/2021, 2:46:14 PM - INFO - Req from: undefined (sid: EV3KaGIuWUczSVqut7tWM5b53X7nLxcC)
8/14/2021, 2:46:14 PM - INFO - Req from: undefined (sid: EV3KaGIuWUczSVqut7tWM5b53X7nLxcC)
8/14/2021, 2:47:11 PM - INFO - Req from: undefined (sid: EV3KaGIuWUczSVqut7tWM5b53X7nLxcC)
8/14/2021, 2:48:05 PM - INFO - Req from: undefined (sid: EV3KaGIuWUczSVqut7tWM5b53X7nLxcC)
8/14/2021, 2:48:05 PM - INFO - Req from: undefined (sid: EV3KaGIuWUczSVqut7tWM5b53X7nLxcC)
8/14/2021, 2:48:05 PM - INFO - Req from: undefined (sid: EV3KaGIuWUczSVqut7tWM5b53X7nLxcC)
8/14/2021, 2:48:05 PM - INFO - Req from: undefined (sid: EV3KaGIuWUczSVqut7tWM5b53X7nLxcC)
8/14/2021, 2:48:07 PM - INFO - Req from: undefined (sid: EV3KaGIuWUczSVqut7tWM5b53X7nLxcC)
8/14/2021, 2:48:07 PM - INFO - Req from: undefined (sid: EV3KaGIuWUczSVqut7tWM5b53X7nLxcC)
8/14/2021, 2:48:07 PM - INFO - Req from: undefined (sid: EV3KaGIuWUczSVqut7tWM5b53X7nLxcC)
8/14/2021, 2:48:07 PM - INFO - Req from: undefined (sid: EV3KaGIuWUczSVqut7tWM5b53X7nLxcC)
8/14/2021, 2:48:07 PM - INFO - Req from: undefined (sid: EV3KaGIuWUczSVqut7tWM5b53X7nLxcC)
8/14/2021, 2:49:45 PM - INFO - Req from: undefined (sid: EV3KaGIuWUczSVqut7tWM5b53X7nLxcC)
8/14/2021, 2:49:45 PM - INFO - Req from: undefined (sid: EV3KaGIuWUczSVqut7tWM5b53X7nLxcC)
8/14/2021, 2:49:45 PM - INFO - Req from: undefined (sid: EV3KaGIuWUczSVqut7tWM5b53X7nLxcC)
8/14/2021, 2:49:45 PM - INFO - Req from: undefined (sid: EV3KaGIuWUczSVqut7tWM5b53X7nLxcC)
8/14/2021, 2:49:50 PM - INFO - Req from: undefined (sid: EV3KaGIuWUczSVqut7tWM5b53X7nLxcC)
8/14/2021, 2:49:50 PM - INFO - Req from: undefined (sid: EV3KaGIuWUczSVqut7tWM5b53X7nLxcC)
8/14/2021, 2:49:50 PM - INFO - Req from: undefined (sid: EV3KaGIuWUczSVqut7tWM5b53X7nLxcC)
8/14/2021, 2:49:50 PM - INFO - Req from: undefined (sid: EV3KaGIuWUczSVqut7tWM5b53X7nLxcC)
8/14/2021, 2:49:54 PM - INFO - Req from: undefined (sid: EV3KaGIuWUczSVqut7tWM5b53X7nLxcC)
8/14/2021, 2:49:54 PM - INFO - Req from: undefined (sid: EV3KaGIuWUczSVqut7tWM5b53X7nLxcC)
8/14/2021, 2:49:54 PM - INFO - Req from: undefined (sid: EV3KaGIuWUczSVqut7tWM5b53X7nLxcC)
8/14/2021, 2:49:54 PM - INFO - Req from: undefined (sid: EV3KaGIuWUczSVqut7tWM5b53X7nLxcC)
8/14/2021, 2:50:05 PM - INFO - Req from: undefined (sid: EV3KaGIuWUczSVqut7tWM5b53X7nLxcC)
8/14/2021, 2:50:05 PM - INFO - Req from: undefined (sid: EV3KaGIuWUczSVqut7tWM5b53X7nLxcC)
8/14/2021, 2:50:05 PM - INFO - Req from: undefined (sid: EV3KaGIuWUczSVqut7tWM5b53X7nLxcC)
8/14/2021, 2:50:05 PM - INFO - Req from: undefined (sid: EV3KaGIuWUczSVqut7tWM5b53X7nLxcC)
8/14/2021, 2:52:39 PM - INFO - Req from: undefined (sid: EV3KaGIuWUczSVqut7tWM5b53X7nLxcC)
8/14/2021, 2:52:39 PM - INFO - Req from: undefined (sid: EV3KaGIuWUczSVqut7tWM5b53X7nLxcC)
8/14/2021, 2:52:39 PM - INFO - Req from: undefined (sid: EV3KaGIuWUczSVqut7tWM5b53X7nLxcC)
8/14/2021, 2:52:39 PM - INFO - Req from: undefined (sid: EV3KaGIuWUczSVqut7tWM5b53X7nLxcC)
8/14/2021, 2:52:53 PM - INFO - Req from: undefined (sid: EV3KaGIuWUczSVqut7tWM5b53X7nLxcC)
8/14/2021, 2:52:53 PM - INFO - Req from: undefined (sid: EV3KaGIuWUczSVqut7tWM5b53X7nLxcC)
8/14/2021, 2:52:53 PM - INFO - Req from: undefined (sid: EV3KaGIuWUczSVqut7tWM5b53X7nLxcC)
8/14/2021, 2:52:53 PM - INFO - Req from: undefined (sid: EV3KaGIuWUczSVqut7tWM5b53X7nLxcC)
8/14/2021, 2:52:57 PM - INFO - Req from: undefined (sid: EV3KaGIuWUczSVqut7tWM5b53X7nLxcC)
8/14/2021, 2:52:57 PM - INFO - Req from: undefined (sid: EV3KaGIuWUczSVqut7tWM5b53X7nLxcC)
8/14/2021, 2:52:57 PM - INFO - Req from: undefined (sid: EV3KaGIuWUczSVqut7tWM5b53X7nLxcC)
8/14/2021, 2:52:57 PM - INFO - Req from: undefined (sid: EV3KaGIuWUczSVqut7tWM5b53X7nLxcC)
8/14/2021, 2:52:58 PM - INFO - Req from: undefined (sid: EV3KaGIuWUczSVqut7tWM5b53X7nLxcC)
8/14/2021, 2:52:58 PM - INFO - Req from: undefined (sid: EV3KaGIuWUczSVqut7tWM5b53X7nLxcC)
8/14/2021, 2:52:58 PM - INFO - Req from: undefined (sid: EV3KaGIuWUczSVqut7tWM5b53X7nLxcC)
8/14/2021, 2:52:58 PM - INFO - Req from: undefined (sid: EV3KaGIuWUczSVqut7tWM5b53X7nLxcC)
8/14/2021, 2:53:01 PM - INFO - Req from: undefined (sid: EV3KaGIuWUczSVqut7tWM5b53X7nLxcC)
8/14/2021, 2:53:01 PM - INFO - Req from: undefined (sid: EV3KaGIuWUczSVqut7tWM5b53X7nLxcC)
8/14/2021, 2:53:01 PM - INFO - Req from: undefined (sid: EV3KaGIuWUczSVqut7tWM5b53X7nLxcC)
8/14/2021, 2:53:01 PM - INFO - Req from: undefined (sid: EV3KaGIuWUczSVqut7tWM5b53X7nLxcC)
8/14/2021, 2:53:01 PM - INFO - Req from: undefined (sid: EV3KaGIuWUczSVqut7tWM5b53X7nLxcC)
8/14/2021, 2:54:02 PM - INFO - Server is running on port: 3030 
8/14/2021, 3:05:41 PM - INFO - Server is running on port: 3030 
8/14/2021, 3:13:32 PM - ERROR - Failed to move piece on board | ReferenceError: updateGame is not defined (sid: T3IWqZu_VnNWDWTE0yzBOzEl_rR4Toc1)
8/14/2021, 3:15:53 PM - INFO - Server is running on port: 3030 
8/14/2021, 3:16:09 PM - ERROR - Failed to move piece on board | TypeError: Cannot read property 'gameBoard' of undefined (sid: sjqbq4kY4kiaAJfj5LfCTMh5L1_NSlMh)
8/14/2021, 3:20:03 PM - INFO - Server is running on port: 3030 
8/14/2021, 3:20:09 PM - ERROR - Failed to move piece on board | TypeError: Cannot read property 'gameBoard' of undefined (sid: yVKt0v1fI8wnARg1e5pX8RJ9fDovqGVZ)
8/14/2021, 3:38:30 PM - INFO - Server is running on port: 3030 
8/14/2021, 3:39:16 PM - INFO - Server is running on port: 3030 
8/14/2021, 3:40:40 PM - INFO - Server is running on port: 3030 
8/14/2021, 3:44:15 PM - DEBUG - auth.service - login with username: admin2 (sid: RfaGeY0DtTr9JFnmpMEZkoe4fM-ef6S7)
8/14/2021, 3:44:15 PM - INFO - Req from: admin2 (sid: RfaGeY0DtTr9JFnmpMEZkoe4fM-ef6S7)
8/14/2021, 3:44:15 PM - INFO - Req from: admin2 (sid: RfaGeY0DtTr9JFnmpMEZkoe4fM-ef6S7)
8/14/2021, 3:44:15 PM - INFO - Req from: admin2 (sid: RfaGeY0DtTr9JFnmpMEZkoe4fM-ef6S7)
8/14/2021, 3:44:15 PM - INFO - Req from: admin2 (sid: RfaGeY0DtTr9JFnmpMEZkoe4fM-ef6S7)
8/14/2021, 3:44:15 PM - INFO - Req from: admin2 (sid: RfaGeY0DtTr9JFnmpMEZkoe4fM-ef6S7)
8/14/2021, 3:44:15 PM - INFO - Req from: admin2 (sid: RfaGeY0DtTr9JFnmpMEZkoe4fM-ef6S7)
8/14/2021, 3:44:17 PM - INFO - Req from: admin2 (sid: RfaGeY0DtTr9JFnmpMEZkoe4fM-ef6S7)
8/14/2021, 3:44:17 PM - INFO - Req from: admin2 (sid: RfaGeY0DtTr9JFnmpMEZkoe4fM-ef6S7)
8/14/2021, 3:44:17 PM - INFO - Req from: admin2 (sid: RfaGeY0DtTr9JFnmpMEZkoe4fM-ef6S7)
8/14/2021, 3:44:17 PM - INFO - Req from: admin2 (sid: RfaGeY0DtTr9JFnmpMEZkoe4fM-ef6S7)
8/14/2021, 3:44:50 PM - INFO - Req from: admin2 (sid: RfaGeY0DtTr9JFnmpMEZkoe4fM-ef6S7)
8/14/2021, 3:45:04 PM - INFO - Req from: admin2 (sid: RfaGeY0DtTr9JFnmpMEZkoe4fM-ef6S7)
8/14/2021, 3:45:04 PM - INFO - Req from: admin2 (sid: RfaGeY0DtTr9JFnmpMEZkoe4fM-ef6S7)
8/14/2021, 3:45:04 PM - INFO - Req from: admin2 (sid: RfaGeY0DtTr9JFnmpMEZkoe4fM-ef6S7)
8/14/2021, 3:45:04 PM - INFO - Req from: admin2 (sid: RfaGeY0DtTr9JFnmpMEZkoe4fM-ef6S7)
8/14/2021, 3:45:06 PM - INFO - Req from: admin2 (sid: RfaGeY0DtTr9JFnmpMEZkoe4fM-ef6S7)
8/14/2021, 3:45:16 PM - INFO - Req from: admin2 (sid: RfaGeY0DtTr9JFnmpMEZkoe4fM-ef6S7)
8/14/2021, 3:45:16 PM - INFO - Req from: admin2 (sid: RfaGeY0DtTr9JFnmpMEZkoe4fM-ef6S7)
8/14/2021, 3:45:16 PM - INFO - Req from: admin2 (sid: RfaGeY0DtTr9JFnmpMEZkoe4fM-ef6S7)
8/14/2021, 3:45:16 PM - INFO - Req from: admin2 (sid: RfaGeY0DtTr9JFnmpMEZkoe4fM-ef6S7)
8/14/2021, 3:45:19 PM - INFO - Req from: admin2 (sid: RfaGeY0DtTr9JFnmpMEZkoe4fM-ef6S7)
8/14/2021, 4:13:50 PM - INFO - Server is running on port: 3030 
8/14/2021, 4:22:16 PM - INFO - Server is running on port: 3030 
8/14/2021, 9:50:56 PM - INFO - Server is running on port: 3030 
8/14/2021, 9:59:42 PM - INFO - Server is running on port: 3030 
8/14/2021, 10:00:25 PM - DEBUG - auth.service - login with username: admin (sid: D_AqjsKq2dqHuef8xC2Jz_GSsZVOEkHe)
8/14/2021, 10:00:25 PM - INFO - Req from: admin (sid: D_AqjsKq2dqHuef8xC2Jz_GSsZVOEkHe)
8/14/2021, 10:00:25 PM - INFO - Req from: admin (sid: D_AqjsKq2dqHuef8xC2Jz_GSsZVOEkHe)
8/14/2021, 10:00:25 PM - INFO - Req from: admin (sid: D_AqjsKq2dqHuef8xC2Jz_GSsZVOEkHe)
8/14/2021, 10:00:25 PM - INFO - Req from: admin (sid: D_AqjsKq2dqHuef8xC2Jz_GSsZVOEkHe)
8/14/2021, 10:00:25 PM - INFO - Req from: admin (sid: D_AqjsKq2dqHuef8xC2Jz_GSsZVOEkHe)
8/14/2021, 10:00:25 PM - INFO - Req from: admin (sid: D_AqjsKq2dqHuef8xC2Jz_GSsZVOEkHe)
8/14/2021, 10:00:29 PM - INFO - Req from: admin (sid: D_AqjsKq2dqHuef8xC2Jz_GSsZVOEkHe)
8/14/2021, 10:00:30 PM - INFO - Req from: admin (sid: D_AqjsKq2dqHuef8xC2Jz_GSsZVOEkHe)
8/14/2021, 10:00:30 PM - INFO - Req from: admin (sid: D_AqjsKq2dqHuef8xC2Jz_GSsZVOEkHe)
8/14/2021, 10:00:30 PM - INFO - Req from: admin (sid: D_AqjsKq2dqHuef8xC2Jz_GSsZVOEkHe)
8/14/2021, 10:00:30 PM - INFO - Req from: admin (sid: D_AqjsKq2dqHuef8xC2Jz_GSsZVOEkHe)
8/14/2021, 10:00:51 PM - DEBUG - auth.service - login with username: admin2 (sid: D_AqjsKq2dqHuef8xC2Jz_GSsZVOEkHe)
8/14/2021, 10:00:56 PM - INFO - Req from: admin2 (sid: D_AqjsKq2dqHuef8xC2Jz_GSsZVOEkHe)
8/14/2021, 10:00:56 PM - INFO - Req from: admin2 (sid: D_AqjsKq2dqHuef8xC2Jz_GSsZVOEkHe)
8/14/2021, 10:00:56 PM - INFO - Req from: admin2 (sid: D_AqjsKq2dqHuef8xC2Jz_GSsZVOEkHe)
8/14/2021, 10:00:56 PM - INFO - Req from: admin2 (sid: D_AqjsKq2dqHuef8xC2Jz_GSsZVOEkHe)
8/14/2021, 10:02:40 PM - INFO - Req from: admin2 (sid: D_AqjsKq2dqHuef8xC2Jz_GSsZVOEkHe)
8/14/2021, 10:02:40 PM - INFO - Req from: admin2 (sid: D_AqjsKq2dqHuef8xC2Jz_GSsZVOEkHe)
8/14/2021, 10:02:40 PM - INFO - Req from: admin2 (sid: D_AqjsKq2dqHuef8xC2Jz_GSsZVOEkHe)
8/14/2021, 10:02:40 PM - INFO - Req from: admin2 (sid: D_AqjsKq2dqHuef8xC2Jz_GSsZVOEkHe)
8/14/2021, 10:02:40 PM - INFO - Req from: admin2 (sid: D_AqjsKq2dqHuef8xC2Jz_GSsZVOEkHe)
8/14/2021, 10:02:40 PM - INFO - Req from: admin2 (sid: D_AqjsKq2dqHuef8xC2Jz_GSsZVOEkHe)
8/14/2021, 10:02:40 PM - INFO - Req from: admin2 (sid: D_AqjsKq2dqHuef8xC2Jz_GSsZVOEkHe)
8/14/2021, 10:02:40 PM - INFO - Req from: admin2 (sid: D_AqjsKq2dqHuef8xC2Jz_GSsZVOEkHe)
8/14/2021, 10:02:50 PM - INFO - Req from: admin2 (sid: D_AqjsKq2dqHuef8xC2Jz_GSsZVOEkHe)
8/14/2021, 10:02:50 PM - INFO - Req from: admin2 (sid: D_AqjsKq2dqHuef8xC2Jz_GSsZVOEkHe)
8/14/2021, 10:02:50 PM - INFO - Req from: admin2 (sid: D_AqjsKq2dqHuef8xC2Jz_GSsZVOEkHe)
8/14/2021, 10:02:50 PM - INFO - Req from: admin2 (sid: D_AqjsKq2dqHuef8xC2Jz_GSsZVOEkHe)
8/14/2021, 10:03:25 PM - INFO - Req from: admin2 (sid: D_AqjsKq2dqHuef8xC2Jz_GSsZVOEkHe)
8/14/2021, 10:03:25 PM - INFO - Req from: admin2 (sid: D_AqjsKq2dqHuef8xC2Jz_GSsZVOEkHe)
8/14/2021, 10:03:25 PM - INFO - Req from: admin2 (sid: D_AqjsKq2dqHuef8xC2Jz_GSsZVOEkHe)
8/14/2021, 10:03:25 PM - INFO - Req from: admin2 (sid: D_AqjsKq2dqHuef8xC2Jz_GSsZVOEkHe)
8/14/2021, 10:04:34 PM - INFO - Req from: admin2 (sid: D_AqjsKq2dqHuef8xC2Jz_GSsZVOEkHe)
8/14/2021, 10:04:34 PM - INFO - Req from: admin2 (sid: D_AqjsKq2dqHuef8xC2Jz_GSsZVOEkHe)
8/14/2021, 10:04:34 PM - INFO - Req from: admin2 (sid: D_AqjsKq2dqHuef8xC2Jz_GSsZVOEkHe)
8/14/2021, 10:04:34 PM - INFO - Req from: admin2 (sid: D_AqjsKq2dqHuef8xC2Jz_GSsZVOEkHe)
8/14/2021, 10:05:26 PM - INFO - Req from: admin2 (sid: D_AqjsKq2dqHuef8xC2Jz_GSsZVOEkHe)
8/14/2021, 10:05:26 PM - INFO - Req from: admin2 (sid: D_AqjsKq2dqHuef8xC2Jz_GSsZVOEkHe)
8/14/2021, 10:05:26 PM - INFO - Req from: admin2 (sid: D_AqjsKq2dqHuef8xC2Jz_GSsZVOEkHe)
8/14/2021, 10:05:26 PM - INFO - Req from: admin2 (sid: D_AqjsKq2dqHuef8xC2Jz_GSsZVOEkHe)
8/14/2021, 10:06:42 PM - INFO - Req from: admin2 (sid: D_AqjsKq2dqHuef8xC2Jz_GSsZVOEkHe)
8/14/2021, 10:06:42 PM - INFO - Req from: admin2 (sid: D_AqjsKq2dqHuef8xC2Jz_GSsZVOEkHe)
8/14/2021, 10:06:42 PM - INFO - Req from: admin2 (sid: D_AqjsKq2dqHuef8xC2Jz_GSsZVOEkHe)
8/14/2021, 10:06:42 PM - INFO - Req from: admin2 (sid: D_AqjsKq2dqHuef8xC2Jz_GSsZVOEkHe)
8/14/2021, 10:06:44 PM - INFO - Req from: admin2 (sid: D_AqjsKq2dqHuef8xC2Jz_GSsZVOEkHe)
8/14/2021, 10:06:44 PM - INFO - Req from: admin2 (sid: D_AqjsKq2dqHuef8xC2Jz_GSsZVOEkHe)
8/14/2021, 10:06:44 PM - INFO - Req from: admin2 (sid: D_AqjsKq2dqHuef8xC2Jz_GSsZVOEkHe)
8/14/2021, 10:06:44 PM - INFO - Req from: admin2 (sid: D_AqjsKq2dqHuef8xC2Jz_GSsZVOEkHe)
8/14/2021, 10:09:59 PM - INFO - Server is running on port: 3030 
8/15/2021, 11:31:52 AM - INFO - Server is running on port: 3030 
8/15/2021, 11:57:32 AM - INFO - Server is running on port: 3030 
8/15/2021, 11:57:41 AM - INFO - Server is running on port: 3030 
8/15/2021, 12:04:14 PM - DEBUG - auth.service - login with username: admin (sid: LVEAQ0FQ1kOOhZ5TyBqGjvCUbdI7dUXY)
8/15/2021, 12:04:19 PM - INFO - Req from: admin (sid: LVEAQ0FQ1kOOhZ5TyBqGjvCUbdI7dUXY)
8/15/2021, 12:04:19 PM - INFO - Req from: admin (sid: LVEAQ0FQ1kOOhZ5TyBqGjvCUbdI7dUXY)
8/15/2021, 12:04:19 PM - INFO - Req from: admin (sid: LVEAQ0FQ1kOOhZ5TyBqGjvCUbdI7dUXY)
8/15/2021, 12:04:19 PM - INFO - Req from: admin (sid: LVEAQ0FQ1kOOhZ5TyBqGjvCUbdI7dUXY)
8/15/2021, 12:07:50 PM - INFO - Req from: admin (sid: LVEAQ0FQ1kOOhZ5TyBqGjvCUbdI7dUXY)
8/15/2021, 12:07:50 PM - INFO - Req from: admin (sid: LVEAQ0FQ1kOOhZ5TyBqGjvCUbdI7dUXY)
8/15/2021, 12:07:50 PM - INFO - Req from: admin (sid: LVEAQ0FQ1kOOhZ5TyBqGjvCUbdI7dUXY)
8/15/2021, 12:07:50 PM - INFO - Req from: admin (sid: LVEAQ0FQ1kOOhZ5TyBqGjvCUbdI7dUXY)
8/15/2021, 12:08:44 PM - DEBUG - auth.service - login with username: admin (sid: nSTOJmSmKVCg5GOidUAoH-nPrX_IVFOs)
8/15/2021, 12:16:38 PM - DEBUG - auth.service - login with username: admin (sid: nSTOJmSmKVCg5GOidUAoH-nPrX_IVFOs)
8/15/2021, 12:29:39 PM - INFO - Req from: admin (sid: nSTOJmSmKVCg5GOidUAoH-nPrX_IVFOs)
8/15/2021, 12:29:39 PM - INFO - Req from: admin (sid: nSTOJmSmKVCg5GOidUAoH-nPrX_IVFOs)
8/15/2021, 12:29:39 PM - INFO - Req from: admin (sid: nSTOJmSmKVCg5GOidUAoH-nPrX_IVFOs)
8/15/2021, 12:29:39 PM - INFO - Req from: admin (sid: nSTOJmSmKVCg5GOidUAoH-nPrX_IVFOs)
8/15/2021, 12:29:40 PM - INFO - Req from: admin (sid: nSTOJmSmKVCg5GOidUAoH-nPrX_IVFOs)
8/15/2021, 12:30:00 PM - INFO - Req from: admin (sid: nSTOJmSmKVCg5GOidUAoH-nPrX_IVFOs)
8/15/2021, 12:30:00 PM - INFO - Req from: admin (sid: nSTOJmSmKVCg5GOidUAoH-nPrX_IVFOs)
8/15/2021, 12:30:00 PM - INFO - Req from: admin (sid: nSTOJmSmKVCg5GOidUAoH-nPrX_IVFOs)
8/15/2021, 12:30:00 PM - INFO - Req from: admin (sid: nSTOJmSmKVCg5GOidUAoH-nPrX_IVFOs)
8/15/2021, 12:30:04 PM - INFO - Req from: admin (sid: nSTOJmSmKVCg5GOidUAoH-nPrX_IVFOs)
8/15/2021, 12:30:04 PM - INFO - Req from: admin (sid: nSTOJmSmKVCg5GOidUAoH-nPrX_IVFOs)
8/15/2021, 12:30:05 PM - INFO - Req from: admin (sid: nSTOJmSmKVCg5GOidUAoH-nPrX_IVFOs)
8/15/2021, 12:30:05 PM - INFO - Req from: admin (sid: nSTOJmSmKVCg5GOidUAoH-nPrX_IVFOs)
8/15/2021, 12:30:08 PM - INFO - Req from: admin (sid: nSTOJmSmKVCg5GOidUAoH-nPrX_IVFOs)
8/15/2021, 12:30:08 PM - INFO - Req from: admin (sid: nSTOJmSmKVCg5GOidUAoH-nPrX_IVFOs)
8/15/2021, 12:30:08 PM - INFO - Req from: admin (sid: nSTOJmSmKVCg5GOidUAoH-nPrX_IVFOs)
8/15/2021, 12:30:08 PM - INFO - Req from: admin (sid: nSTOJmSmKVCg5GOidUAoH-nPrX_IVFOs)
8/15/2021, 12:30:09 PM - INFO - Req from: admin (sid: nSTOJmSmKVCg5GOidUAoH-nPrX_IVFOs)
8/15/2021, 12:30:09 PM - INFO - Req from: admin (sid: nSTOJmSmKVCg5GOidUAoH-nPrX_IVFOs)
8/15/2021, 12:30:09 PM - INFO - Req from: admin (sid: nSTOJmSmKVCg5GOidUAoH-nPrX_IVFOs)
8/15/2021, 12:30:09 PM - INFO - Req from: admin (sid: nSTOJmSmKVCg5GOidUAoH-nPrX_IVFOs)
8/15/2021, 12:30:09 PM - INFO - Req from: admin (sid: nSTOJmSmKVCg5GOidUAoH-nPrX_IVFOs)
8/15/2021, 12:43:17 PM - INFO - Server is running on port: 3030 
8/15/2021, 12:48:46 PM - INFO - Server is running on port: 3030 
8/15/2021, 12:49:37 PM - DEBUG - auth.service - login with username: admin (sid: YbXYAxQn7a0arfM3FqwaAgXa1rJ9YGso)
8/15/2021, 12:49:37 PM - INFO - Req from: admin (sid: YbXYAxQn7a0arfM3FqwaAgXa1rJ9YGso)
8/15/2021, 12:49:37 PM - INFO - Req from: admin (sid: YbXYAxQn7a0arfM3FqwaAgXa1rJ9YGso)
8/15/2021, 12:49:37 PM - INFO - Req from: admin (sid: YbXYAxQn7a0arfM3FqwaAgXa1rJ9YGso)
8/15/2021, 12:49:37 PM - INFO - Req from: admin (sid: YbXYAxQn7a0arfM3FqwaAgXa1rJ9YGso)
8/15/2021, 12:49:37 PM - INFO - Req from: admin (sid: YbXYAxQn7a0arfM3FqwaAgXa1rJ9YGso)
8/15/2021, 12:49:37 PM - INFO - Req from: admin (sid: YbXYAxQn7a0arfM3FqwaAgXa1rJ9YGso)
8/15/2021, 12:49:41 PM - INFO - Req from: admin (sid: YbXYAxQn7a0arfM3FqwaAgXa1rJ9YGso)
8/15/2021, 12:49:41 PM - INFO - Req from: admin (sid: YbXYAxQn7a0arfM3FqwaAgXa1rJ9YGso)
8/15/2021, 12:49:41 PM - INFO - Req from: admin (sid: YbXYAxQn7a0arfM3FqwaAgXa1rJ9YGso)
8/15/2021, 12:49:41 PM - INFO - Req from: admin (sid: YbXYAxQn7a0arfM3FqwaAgXa1rJ9YGso)
8/15/2021, 12:49:41 PM - INFO - Req from: admin (sid: YbXYAxQn7a0arfM3FqwaAgXa1rJ9YGso)
8/15/2021, 12:50:15 PM - DEBUG - auth.service - login with username: admin2 (sid: YbXYAxQn7a0arfM3FqwaAgXa1rJ9YGso)
8/15/2021, 12:50:17 PM - INFO - Req from: admin2 (sid: YbXYAxQn7a0arfM3FqwaAgXa1rJ9YGso)
8/15/2021, 12:50:17 PM - INFO - Req from: admin2 (sid: YbXYAxQn7a0arfM3FqwaAgXa1rJ9YGso)
8/15/2021, 12:50:17 PM - INFO - Req from: admin2 (sid: YbXYAxQn7a0arfM3FqwaAgXa1rJ9YGso)
8/15/2021, 12:50:17 PM - INFO - Req from: admin2 (sid: YbXYAxQn7a0arfM3FqwaAgXa1rJ9YGso)
8/15/2021, 12:50:25 PM - INFO - Req from: admin2 (sid: YbXYAxQn7a0arfM3FqwaAgXa1rJ9YGso)
8/15/2021, 12:50:25 PM - INFO - Req from: admin2 (sid: YbXYAxQn7a0arfM3FqwaAgXa1rJ9YGso)
8/15/2021, 12:50:25 PM - INFO - Req from: admin2 (sid: YbXYAxQn7a0arfM3FqwaAgXa1rJ9YGso)
8/15/2021, 12:50:25 PM - INFO - Req from: admin2 (sid: YbXYAxQn7a0arfM3FqwaAgXa1rJ9YGso)
8/15/2021, 12:50:57 PM - INFO - Req from: admin2 (sid: YbXYAxQn7a0arfM3FqwaAgXa1rJ9YGso)
8/15/2021, 12:50:57 PM - INFO - Req from: admin2 (sid: YbXYAxQn7a0arfM3FqwaAgXa1rJ9YGso)
8/15/2021, 12:50:57 PM - INFO - Req from: admin2 (sid: YbXYAxQn7a0arfM3FqwaAgXa1rJ9YGso)
8/15/2021, 12:50:57 PM - INFO - Req from: admin2 (sid: YbXYAxQn7a0arfM3FqwaAgXa1rJ9YGso)
8/15/2021, 12:51:04 PM - INFO - Req from: admin2 (sid: YbXYAxQn7a0arfM3FqwaAgXa1rJ9YGso)
8/15/2021, 12:51:04 PM - INFO - Req from: admin2 (sid: YbXYAxQn7a0arfM3FqwaAgXa1rJ9YGso)
8/15/2021, 12:51:04 PM - INFO - Req from: admin2 (sid: YbXYAxQn7a0arfM3FqwaAgXa1rJ9YGso)
8/15/2021, 12:51:04 PM - INFO - Req from: admin2 (sid: YbXYAxQn7a0arfM3FqwaAgXa1rJ9YGso)
8/15/2021, 12:51:14 PM - INFO - Req from: admin2 (sid: YbXYAxQn7a0arfM3FqwaAgXa1rJ9YGso)
8/15/2021, 12:51:14 PM - INFO - Req from: admin2 (sid: YbXYAxQn7a0arfM3FqwaAgXa1rJ9YGso)
8/15/2021, 12:51:14 PM - INFO - Req from: admin2 (sid: YbXYAxQn7a0arfM3FqwaAgXa1rJ9YGso)
8/15/2021, 12:51:14 PM - INFO - Req from: admin2 (sid: YbXYAxQn7a0arfM3FqwaAgXa1rJ9YGso)
8/15/2021, 12:51:20 PM - INFO - Req from: admin2 (sid: YbXYAxQn7a0arfM3FqwaAgXa1rJ9YGso)
8/15/2021, 12:51:20 PM - INFO - Req from: admin2 (sid: YbXYAxQn7a0arfM3FqwaAgXa1rJ9YGso)
8/15/2021, 12:51:20 PM - INFO - Req from: admin2 (sid: YbXYAxQn7a0arfM3FqwaAgXa1rJ9YGso)
8/15/2021, 12:51:20 PM - INFO - Req from: admin2 (sid: YbXYAxQn7a0arfM3FqwaAgXa1rJ9YGso)
8/15/2021, 12:51:20 PM - INFO - Req from: admin2 (sid: YbXYAxQn7a0arfM3FqwaAgXa1rJ9YGso)
8/15/2021, 12:51:24 PM - INFO - Req from: admin2 (sid: YbXYAxQn7a0arfM3FqwaAgXa1rJ9YGso)
8/15/2021, 12:51:24 PM - INFO - Req from: admin2 (sid: YbXYAxQn7a0arfM3FqwaAgXa1rJ9YGso)
8/15/2021, 12:51:24 PM - INFO - Req from: admin2 (sid: YbXYAxQn7a0arfM3FqwaAgXa1rJ9YGso)
8/15/2021, 12:51:24 PM - INFO - Req from: admin2 (sid: YbXYAxQn7a0arfM3FqwaAgXa1rJ9YGso)
8/15/2021, 12:51:25 PM - INFO - Req from: admin2 (sid: YbXYAxQn7a0arfM3FqwaAgXa1rJ9YGso)
8/15/2021, 12:51:25 PM - INFO - Req from: admin2 (sid: YbXYAxQn7a0arfM3FqwaAgXa1rJ9YGso)
8/15/2021, 12:51:25 PM - INFO - Req from: admin2 (sid: YbXYAxQn7a0arfM3FqwaAgXa1rJ9YGso)
8/15/2021, 12:51:25 PM - INFO - Req from: admin2 (sid: YbXYAxQn7a0arfM3FqwaAgXa1rJ9YGso)
8/15/2021, 12:51:51 PM - INFO - Req from: admin2 (sid: YbXYAxQn7a0arfM3FqwaAgXa1rJ9YGso)
8/15/2021, 12:51:51 PM - INFO - Req from: admin2 (sid: YbXYAxQn7a0arfM3FqwaAgXa1rJ9YGso)
8/15/2021, 12:51:51 PM - INFO - Req from: admin2 (sid: YbXYAxQn7a0arfM3FqwaAgXa1rJ9YGso)
8/15/2021, 12:51:51 PM - INFO - Req from: admin2 (sid: YbXYAxQn7a0arfM3FqwaAgXa1rJ9YGso)
8/15/2021, 12:51:54 PM - INFO - Req from: admin2 (sid: YbXYAxQn7a0arfM3FqwaAgXa1rJ9YGso)
8/15/2021, 12:51:54 PM - INFO - Req from: admin2 (sid: YbXYAxQn7a0arfM3FqwaAgXa1rJ9YGso)
8/15/2021, 12:51:54 PM - INFO - Req from: admin2 (sid: YbXYAxQn7a0arfM3FqwaAgXa1rJ9YGso)
8/15/2021, 12:51:54 PM - INFO - Req from: admin2 (sid: YbXYAxQn7a0arfM3FqwaAgXa1rJ9YGso)
8/15/2021, 12:51:55 PM - INFO - Req from: admin2 (sid: YbXYAxQn7a0arfM3FqwaAgXa1rJ9YGso)
8/15/2021, 12:51:55 PM - INFO - Req from: admin2 (sid: YbXYAxQn7a0arfM3FqwaAgXa1rJ9YGso)
8/15/2021, 12:51:55 PM - INFO - Req from: admin2 (sid: YbXYAxQn7a0arfM3FqwaAgXa1rJ9YGso)
8/15/2021, 12:51:55 PM - INFO - Req from: admin2 (sid: YbXYAxQn7a0arfM3FqwaAgXa1rJ9YGso)
8/15/2021, 12:51:55 PM - INFO - Req from: admin2 (sid: YbXYAxQn7a0arfM3FqwaAgXa1rJ9YGso)
8/15/2021, 12:51:59 PM - INFO - Req from: admin2 (sid: YbXYAxQn7a0arfM3FqwaAgXa1rJ9YGso)
8/15/2021, 12:51:59 PM - INFO - Req from: admin2 (sid: YbXYAxQn7a0arfM3FqwaAgXa1rJ9YGso)
8/15/2021, 12:51:59 PM - INFO - Req from: admin2 (sid: YbXYAxQn7a0arfM3FqwaAgXa1rJ9YGso)
8/15/2021, 12:51:59 PM - INFO - Req from: admin2 (sid: YbXYAxQn7a0arfM3FqwaAgXa1rJ9YGso)
8/15/2021, 12:52:04 PM - INFO - Req from: admin2 (sid: YbXYAxQn7a0arfM3FqwaAgXa1rJ9YGso)
8/15/2021, 12:52:04 PM - INFO - Req from: admin2 (sid: YbXYAxQn7a0arfM3FqwaAgXa1rJ9YGso)
8/15/2021, 12:52:04 PM - INFO - Req from: admin2 (sid: YbXYAxQn7a0arfM3FqwaAgXa1rJ9YGso)
8/15/2021, 12:52:04 PM - INFO - Req from: admin2 (sid: YbXYAxQn7a0arfM3FqwaAgXa1rJ9YGso)
8/15/2021, 12:52:04 PM - INFO - Req from: admin2 (sid: YbXYAxQn7a0arfM3FqwaAgXa1rJ9YGso)
8/15/2021, 12:56:15 PM - INFO - Req from: admin2 (sid: YbXYAxQn7a0arfM3FqwaAgXa1rJ9YGso)
8/15/2021, 12:56:15 PM - INFO - Req from: admin2 (sid: YbXYAxQn7a0arfM3FqwaAgXa1rJ9YGso)
8/15/2021, 12:56:15 PM - INFO - Req from: admin2 (sid: YbXYAxQn7a0arfM3FqwaAgXa1rJ9YGso)
8/15/2021, 12:56:15 PM - INFO - Req from: admin2 (sid: YbXYAxQn7a0arfM3FqwaAgXa1rJ9YGso)
8/15/2021, 12:56:17 PM - INFO - Req from: admin2 (sid: YbXYAxQn7a0arfM3FqwaAgXa1rJ9YGso)
8/15/2021, 12:56:17 PM - INFO - Req from: admin2 (sid: YbXYAxQn7a0arfM3FqwaAgXa1rJ9YGso)
8/15/2021, 12:56:17 PM - INFO - Req from: admin2 (sid: YbXYAxQn7a0arfM3FqwaAgXa1rJ9YGso)
8/15/2021, 12:56:17 PM - INFO - Req from: admin2 (sid: YbXYAxQn7a0arfM3FqwaAgXa1rJ9YGso)
8/15/2021, 12:56:18 PM - INFO - Req from: admin2 (sid: YbXYAxQn7a0arfM3FqwaAgXa1rJ9YGso)
8/15/2021, 12:56:18 PM - INFO - Req from: admin2 (sid: YbXYAxQn7a0arfM3FqwaAgXa1rJ9YGso)
8/15/2021, 12:56:18 PM - INFO - Req from: admin2 (sid: YbXYAxQn7a0arfM3FqwaAgXa1rJ9YGso)
8/15/2021, 12:56:18 PM - INFO - Req from: admin2 (sid: YbXYAxQn7a0arfM3FqwaAgXa1rJ9YGso)
8/15/2021, 12:56:18 PM - INFO - Req from: admin2 (sid: YbXYAxQn7a0arfM3FqwaAgXa1rJ9YGso)
8/15/2021, 12:56:22 PM - INFO - Req from: admin2 (sid: YbXYAxQn7a0arfM3FqwaAgXa1rJ9YGso)
8/15/2021, 12:56:22 PM - INFO - Req from: admin2 (sid: YbXYAxQn7a0arfM3FqwaAgXa1rJ9YGso)
8/15/2021, 12:56:22 PM - INFO - Req from: admin2 (sid: YbXYAxQn7a0arfM3FqwaAgXa1rJ9YGso)
8/15/2021, 12:56:22 PM - INFO - Req from: admin2 (sid: YbXYAxQn7a0arfM3FqwaAgXa1rJ9YGso)
8/15/2021, 12:56:23 PM - INFO - Req from: admin2 (sid: YbXYAxQn7a0arfM3FqwaAgXa1rJ9YGso)
8/15/2021, 12:56:23 PM - INFO - Req from: admin2 (sid: YbXYAxQn7a0arfM3FqwaAgXa1rJ9YGso)
8/15/2021, 12:56:23 PM - INFO - Req from: admin2 (sid: YbXYAxQn7a0arfM3FqwaAgXa1rJ9YGso)
8/15/2021, 12:56:23 PM - INFO - Req from: admin2 (sid: YbXYAxQn7a0arfM3FqwaAgXa1rJ9YGso)
8/15/2021, 12:56:23 PM - INFO - Req from: admin2 (sid: YbXYAxQn7a0arfM3FqwaAgXa1rJ9YGso)
8/15/2021, 2:57:26 PM - INFO - Server is running on port: 3030 
8/15/2021, 2:57:26 PM - ERROR - Failed to update board | TypeError: Cannot read property 'blackPlayer' of undefined (sid: eAzO-vo-rjeLLh20J3z9asOVfJQfDViT)
8/15/2021, 3:15:22 PM - INFO - Server is running on port: 3030 
8/15/2021, 3:18:06 PM - INFO - Server is running on port: 3030 
8/15/2021, 3:18:43 PM - DEBUG - auth.service - login with username: admin (sid: Q-xi_F1r3Cg8AloXgnj2HcvN_QX4u1ct)
8/15/2021, 3:18:43 PM - INFO - Req from: admin (sid: Q-xi_F1r3Cg8AloXgnj2HcvN_QX4u1ct)
8/15/2021, 3:18:43 PM - INFO - Req from: admin (sid: Q-xi_F1r3Cg8AloXgnj2HcvN_QX4u1ct)
8/15/2021, 3:18:43 PM - INFO - Req from: admin (sid: Q-xi_F1r3Cg8AloXgnj2HcvN_QX4u1ct)
8/15/2021, 3:18:43 PM - INFO - Req from: admin (sid: Q-xi_F1r3Cg8AloXgnj2HcvN_QX4u1ct)
8/15/2021, 3:18:43 PM - INFO - Req from: admin (sid: Q-xi_F1r3Cg8AloXgnj2HcvN_QX4u1ct)
8/15/2021, 3:18:43 PM - INFO - Req from: admin (sid: Q-xi_F1r3Cg8AloXgnj2HcvN_QX4u1ct)
8/15/2021, 3:21:50 PM - INFO - Req from: admin (sid: Q-xi_F1r3Cg8AloXgnj2HcvN_QX4u1ct)
8/15/2021, 3:21:50 PM - INFO - Req from: admin (sid: Q-xi_F1r3Cg8AloXgnj2HcvN_QX4u1ct)
8/15/2021, 3:24:26 PM - DEBUG - auth.service - login with username: admin (sid: Q-xi_F1r3Cg8AloXgnj2HcvN_QX4u1ct)
8/15/2021, 3:28:15 PM - DEBUG - auth.service - login with username: admin (sid: Q-xi_F1r3Cg8AloXgnj2HcvN_QX4u1ct)
8/15/2021, 3:30:06 PM - DEBUG - auth.service - login with username: admin (sid: Q-xi_F1r3Cg8AloXgnj2HcvN_QX4u1ct)
8/16/2021, 12:54:23 AM - INFO - Server is running on port: 3030 
8/16/2021, 12:55:24 AM - INFO - Server is running on port: 3030 
8/16/2021, 12:55:30 AM - INFO - Server is running on port: 3030 
8/16/2021, 12:56:52 AM - DEBUG - auth.service - login with username: admin (sid: H_bePwJIRkcl2PWJzeWCcBvDgPeD6zNO)
8/16/2021, 12:56:52 AM - INFO - Req from: admin (sid: H_bePwJIRkcl2PWJzeWCcBvDgPeD6zNO)
8/16/2021, 12:56:52 AM - INFO - Req from: admin (sid: H_bePwJIRkcl2PWJzeWCcBvDgPeD6zNO)
8/16/2021, 12:56:52 AM - INFO - Req from: admin (sid: H_bePwJIRkcl2PWJzeWCcBvDgPeD6zNO)
8/16/2021, 12:56:52 AM - INFO - Req from: admin (sid: H_bePwJIRkcl2PWJzeWCcBvDgPeD6zNO)
8/16/2021, 12:56:52 AM - INFO - Req from: admin (sid: H_bePwJIRkcl2PWJzeWCcBvDgPeD6zNO)
8/16/2021, 12:56:52 AM - INFO - Req from: admin (sid: H_bePwJIRkcl2PWJzeWCcBvDgPeD6zNO)
8/16/2021, 12:57:31 AM - INFO - Req from: admin (sid: H_bePwJIRkcl2PWJzeWCcBvDgPeD6zNO)
8/16/2021, 12:57:31 AM - INFO - Req from: admin (sid: H_bePwJIRkcl2PWJzeWCcBvDgPeD6zNO)
8/16/2021, 12:57:31 AM - INFO - Req from: admin (sid: H_bePwJIRkcl2PWJzeWCcBvDgPeD6zNO)
8/16/2021, 12:57:31 AM - INFO - Req from: admin (sid: H_bePwJIRkcl2PWJzeWCcBvDgPeD6zNO)
8/16/2021, 12:57:31 AM - INFO - Req from: admin (sid: H_bePwJIRkcl2PWJzeWCcBvDgPeD6zNO)
8/16/2021, 12:57:41 AM - INFO - Req from: admin (sid: H_bePwJIRkcl2PWJzeWCcBvDgPeD6zNO)
8/16/2021, 12:57:41 AM - INFO - Req from: admin (sid: H_bePwJIRkcl2PWJzeWCcBvDgPeD6zNO)
8/16/2021, 12:57:41 AM - INFO - Req from: admin (sid: H_bePwJIRkcl2PWJzeWCcBvDgPeD6zNO)
8/16/2021, 12:57:41 AM - INFO - Req from: admin (sid: H_bePwJIRkcl2PWJzeWCcBvDgPeD6zNO)
8/16/2021, 12:57:47 AM - DEBUG - auth.service - login with username: admin2 (sid: H_bePwJIRkcl2PWJzeWCcBvDgPeD6zNO)
8/16/2021, 12:57:47 AM - INFO - Req from: admin2 (sid: H_bePwJIRkcl2PWJzeWCcBvDgPeD6zNO)
8/16/2021, 12:57:47 AM - INFO - Req from: admin2 (sid: H_bePwJIRkcl2PWJzeWCcBvDgPeD6zNO)
8/16/2021, 12:57:47 AM - INFO - Req from: admin2 (sid: H_bePwJIRkcl2PWJzeWCcBvDgPeD6zNO)
8/16/2021, 12:57:47 AM - INFO - Req from: admin2 (sid: H_bePwJIRkcl2PWJzeWCcBvDgPeD6zNO)
8/16/2021, 12:57:47 AM - INFO - Req from: admin2 (sid: H_bePwJIRkcl2PWJzeWCcBvDgPeD6zNO)
8/16/2021, 12:57:47 AM - INFO - Req from: admin2 (sid: H_bePwJIRkcl2PWJzeWCcBvDgPeD6zNO)
8/16/2021, 12:59:25 AM - INFO - Req from: admin2 (sid: H_bePwJIRkcl2PWJzeWCcBvDgPeD6zNO)
8/16/2021, 12:59:25 AM - INFO - Req from: admin2 (sid: H_bePwJIRkcl2PWJzeWCcBvDgPeD6zNO)
8/16/2021, 12:59:25 AM - INFO - Req from: admin2 (sid: H_bePwJIRkcl2PWJzeWCcBvDgPeD6zNO)
8/16/2021, 12:59:25 AM - INFO - Req from: admin2 (sid: H_bePwJIRkcl2PWJzeWCcBvDgPeD6zNO)
8/16/2021, 12:59:30 AM - INFO - Req from: admin2 (sid: H_bePwJIRkcl2PWJzeWCcBvDgPeD6zNO)
8/16/2021, 12:59:30 AM - INFO - Req from: admin2 (sid: H_bePwJIRkcl2PWJzeWCcBvDgPeD6zNO)
8/16/2021, 12:59:30 AM - ERROR - cannot update user undefined | TypeError: gUsers.findindex is not a function (sid: H_bePwJIRkcl2PWJzeWCcBvDgPeD6zNO)
8/16/2021, 12:59:30 AM - ERROR - Failed to update board | TypeError: gUsers.findindex is not a function (sid: H_bePwJIRkcl2PWJzeWCcBvDgPeD6zNO)
8/16/2021, 12:59:30 AM - INFO - Req from: admin2 (sid: H_bePwJIRkcl2PWJzeWCcBvDgPeD6zNO)
8/16/2021, 12:59:30 AM - INFO - Req from: admin2 (sid: H_bePwJIRkcl2PWJzeWCcBvDgPeD6zNO)
8/16/2021, 12:59:30 AM - INFO - Req from: admin2 (sid: H_bePwJIRkcl2PWJzeWCcBvDgPeD6zNO)
8/16/2021, 12:59:37 AM - INFO - Req from: admin2 (sid: H_bePwJIRkcl2PWJzeWCcBvDgPeD6zNO)
8/16/2021, 12:59:37 AM - INFO - Req from: admin2 (sid: H_bePwJIRkcl2PWJzeWCcBvDgPeD6zNO)
8/16/2021, 12:59:37 AM - INFO - Req from: admin2 (sid: H_bePwJIRkcl2PWJzeWCcBvDgPeD6zNO)
8/16/2021, 12:59:37 AM - INFO - Req from: admin2 (sid: H_bePwJIRkcl2PWJzeWCcBvDgPeD6zNO)
8/16/2021, 12:59:41 AM - INFO - Req from: admin2 (sid: H_bePwJIRkcl2PWJzeWCcBvDgPeD6zNO)
8/16/2021, 12:59:54 AM - INFO - Req from: admin2 (sid: H_bePwJIRkcl2PWJzeWCcBvDgPeD6zNO)
8/16/2021, 12:59:54 AM - INFO - Req from: admin2 (sid: H_bePwJIRkcl2PWJzeWCcBvDgPeD6zNO)
8/16/2021, 12:59:54 AM - INFO - Req from: admin2 (sid: H_bePwJIRkcl2PWJzeWCcBvDgPeD6zNO)
8/16/2021, 12:59:54 AM - INFO - Req from: admin2 (sid: H_bePwJIRkcl2PWJzeWCcBvDgPeD6zNO)
8/16/2021, 1:02:04 AM - INFO - Server is running on port: 3030 
8/16/2021, 1:02:31 AM - DEBUG - auth.service - login with username: admin (sid: aYLm6In_uJ4vi2njkj5DNlG0htQ4osns)
8/16/2021, 1:02:31 AM - INFO - Req from: admin (sid: aYLm6In_uJ4vi2njkj5DNlG0htQ4osns)
8/16/2021, 1:02:31 AM - INFO - Req from: admin (sid: aYLm6In_uJ4vi2njkj5DNlG0htQ4osns)
8/16/2021, 1:02:31 AM - INFO - Req from: admin (sid: aYLm6In_uJ4vi2njkj5DNlG0htQ4osns)
8/16/2021, 1:02:31 AM - INFO - Req from: admin (sid: aYLm6In_uJ4vi2njkj5DNlG0htQ4osns)
8/16/2021, 1:02:31 AM - INFO - Req from: admin (sid: aYLm6In_uJ4vi2njkj5DNlG0htQ4osns)
8/16/2021, 1:02:35 AM - INFO - Req from: admin (sid: aYLm6In_uJ4vi2njkj5DNlG0htQ4osns)
8/16/2021, 1:02:35 AM - INFO - Req from: admin (sid: aYLm6In_uJ4vi2njkj5DNlG0htQ4osns)
8/16/2021, 1:02:35 AM - INFO - Req from: admin (sid: aYLm6In_uJ4vi2njkj5DNlG0htQ4osns)
8/16/2021, 1:02:35 AM - INFO - Req from: admin (sid: aYLm6In_uJ4vi2njkj5DNlG0htQ4osns)
8/16/2021, 1:02:35 AM - INFO - Req from: admin (sid: aYLm6In_uJ4vi2njkj5DNlG0htQ4osns)
8/16/2021, 1:02:44 AM - INFO - Req from: admin (sid: aYLm6In_uJ4vi2njkj5DNlG0htQ4osns)
8/16/2021, 1:02:44 AM - INFO - Req from: admin (sid: aYLm6In_uJ4vi2njkj5DNlG0htQ4osns)
8/16/2021, 1:02:44 AM - INFO - Req from: admin (sid: aYLm6In_uJ4vi2njkj5DNlG0htQ4osns)
8/16/2021, 1:02:44 AM - INFO - Req from: admin (sid: aYLm6In_uJ4vi2njkj5DNlG0htQ4osns)
8/16/2021, 1:02:55 AM - INFO - Req from: admin (sid: aYLm6In_uJ4vi2njkj5DNlG0htQ4osns)
8/16/2021, 1:02:55 AM - DEBUG - auth.service - login with username: admin2 (sid: aYLm6In_uJ4vi2njkj5DNlG0htQ4osns)
8/16/2021, 1:02:55 AM - INFO - Req from: admin2 (sid: aYLm6In_uJ4vi2njkj5DNlG0htQ4osns)
8/16/2021, 1:02:55 AM - INFO - Req from: admin2 (sid: aYLm6In_uJ4vi2njkj5DNlG0htQ4osns)
8/16/2021, 1:02:55 AM - INFO - Req from: admin2 (sid: aYLm6In_uJ4vi2njkj5DNlG0htQ4osns)
8/16/2021, 1:02:55 AM - INFO - Req from: admin2 (sid: aYLm6In_uJ4vi2njkj5DNlG0htQ4osns)
8/16/2021, 1:02:55 AM - INFO - Req from: admin2 (sid: aYLm6In_uJ4vi2njkj5DNlG0htQ4osns)
8/16/2021, 1:02:59 AM - INFO - Req from: admin2 (sid: aYLm6In_uJ4vi2njkj5DNlG0htQ4osns)
8/16/2021, 1:02:59 AM - INFO - Req from: admin2 (sid: aYLm6In_uJ4vi2njkj5DNlG0htQ4osns)
8/16/2021, 1:02:59 AM - INFO - Req from: admin2 (sid: aYLm6In_uJ4vi2njkj5DNlG0htQ4osns)
8/16/2021, 1:02:59 AM - INFO - Req from: admin2 (sid: aYLm6In_uJ4vi2njkj5DNlG0htQ4osns)
8/16/2021, 1:02:59 AM - INFO - Req from: admin2 (sid: aYLm6In_uJ4vi2njkj5DNlG0htQ4osns)
8/16/2021, 1:02:59 AM - INFO - Req from: admin2 (sid: aYLm6In_uJ4vi2njkj5DNlG0htQ4osns)
8/16/2021, 1:02:59 AM - INFO - Req from: admin2 (sid: aYLm6In_uJ4vi2njkj5DNlG0htQ4osns)
8/16/2021, 1:02:59 AM - INFO - Req from: admin2 (sid: aYLm6In_uJ4vi2njkj5DNlG0htQ4osns)
8/16/2021, 1:02:59 AM - INFO - Req from: admin2 (sid: aYLm6In_uJ4vi2njkj5DNlG0htQ4osns)
8/16/2021, 1:03:03 AM - INFO - Req from: admin2 (sid: aYLm6In_uJ4vi2njkj5DNlG0htQ4osns)
8/16/2021, 1:03:03 AM - INFO - Req from: admin2 (sid: aYLm6In_uJ4vi2njkj5DNlG0htQ4osns)
8/16/2021, 1:03:03 AM - INFO - Req from: admin2 (sid: aYLm6In_uJ4vi2njkj5DNlG0htQ4osns)
8/16/2021, 1:03:03 AM - INFO - Req from: admin2 (sid: aYLm6In_uJ4vi2njkj5DNlG0htQ4osns)
8/16/2021, 1:03:05 AM - INFO - Req from: admin2 (sid: aYLm6In_uJ4vi2njkj5DNlG0htQ4osns)
8/16/2021, 1:03:09 AM - INFO - Req from: admin2 (sid: aYLm6In_uJ4vi2njkj5DNlG0htQ4osns)
8/16/2021, 1:03:09 AM - INFO - Req from: admin2 (sid: aYLm6In_uJ4vi2njkj5DNlG0htQ4osns)
8/16/2021, 1:03:09 AM - INFO - Req from: admin2 (sid: aYLm6In_uJ4vi2njkj5DNlG0htQ4osns)
8/16/2021, 1:03:09 AM - INFO - Req from: admin2 (sid: aYLm6In_uJ4vi2njkj5DNlG0htQ4osns)
8/16/2021, 1:06:08 AM - INFO - Server is running on port: 3030 
8/16/2021, 1:06:22 AM - DEBUG - auth.service - login with username: admin (sid: QYNMujPlIlXtQOexeJNg_8iDM7b9tCAQ)
8/16/2021, 1:06:28 AM - INFO - Req from: admin (sid: QYNMujPlIlXtQOexeJNg_8iDM7b9tCAQ)
8/16/2021, 1:06:28 AM - INFO - Req from: admin (sid: QYNMujPlIlXtQOexeJNg_8iDM7b9tCAQ)
8/16/2021, 1:06:28 AM - INFO - Req from: admin (sid: QYNMujPlIlXtQOexeJNg_8iDM7b9tCAQ)
8/16/2021, 1:06:28 AM - INFO - Req from: admin (sid: QYNMujPlIlXtQOexeJNg_8iDM7b9tCAQ)
8/16/2021, 1:06:30 AM - INFO - Req from: admin (sid: QYNMujPlIlXtQOexeJNg_8iDM7b9tCAQ)
8/16/2021, 1:06:30 AM - INFO - Req from: admin (sid: QYNMujPlIlXtQOexeJNg_8iDM7b9tCAQ)
8/16/2021, 1:06:30 AM - INFO - Req from: admin (sid: QYNMujPlIlXtQOexeJNg_8iDM7b9tCAQ)
8/16/2021, 1:06:30 AM - INFO - Req from: admin (sid: QYNMujPlIlXtQOexeJNg_8iDM7b9tCAQ)
8/16/2021, 1:06:30 AM - INFO - Req from: admin (sid: QYNMujPlIlXtQOexeJNg_8iDM7b9tCAQ)
8/16/2021, 1:06:40 AM - DEBUG - auth.service - login with username: admin2 (sid: QYNMujPlIlXtQOexeJNg_8iDM7b9tCAQ)
8/16/2021, 1:06:46 AM - INFO - Req from: admin2 (sid: QYNMujPlIlXtQOexeJNg_8iDM7b9tCAQ)
8/16/2021, 1:06:46 AM - INFO - Req from: admin2 (sid: QYNMujPlIlXtQOexeJNg_8iDM7b9tCAQ)
8/16/2021, 1:06:46 AM - INFO - Req from: admin2 (sid: QYNMujPlIlXtQOexeJNg_8iDM7b9tCAQ)
8/16/2021, 1:06:46 AM - INFO - Req from: admin2 (sid: QYNMujPlIlXtQOexeJNg_8iDM7b9tCAQ)
8/16/2021, 1:06:49 AM - INFO - Req from: admin2 (sid: QYNMujPlIlXtQOexeJNg_8iDM7b9tCAQ)
8/16/2021, 1:06:49 AM - INFO - Req from: admin2 (sid: QYNMujPlIlXtQOexeJNg_8iDM7b9tCAQ)
8/16/2021, 1:06:49 AM - INFO - Req from: admin2 (sid: QYNMujPlIlXtQOexeJNg_8iDM7b9tCAQ)
8/16/2021, 1:06:49 AM - INFO - Req from: admin2 (sid: QYNMujPlIlXtQOexeJNg_8iDM7b9tCAQ)
8/16/2021, 1:06:49 AM - INFO - Req from: admin2 (sid: QYNMujPlIlXtQOexeJNg_8iDM7b9tCAQ)
8/16/2021, 1:06:49 AM - INFO - Req from: admin2 (sid: QYNMujPlIlXtQOexeJNg_8iDM7b9tCAQ)
8/16/2021, 1:06:49 AM - INFO - Req from: admin2 (sid: QYNMujPlIlXtQOexeJNg_8iDM7b9tCAQ)
8/16/2021, 1:06:49 AM - INFO - Req from: admin2 (sid: QYNMujPlIlXtQOexeJNg_8iDM7b9tCAQ)
8/16/2021, 1:06:49 AM - INFO - Req from: admin2 (sid: QYNMujPlIlXtQOexeJNg_8iDM7b9tCAQ)
8/16/2021, 1:07:41 AM - INFO - Server is running on port: 3030 
8/16/2021, 1:07:55 AM - DEBUG - auth.service - login with username: admin2 (sid: Mj7voo2YQI6W2Dcj1RazCzusVJdRA7K0)
8/16/2021, 1:08:00 AM - INFO - Req from: admin2 (sid: Mj7voo2YQI6W2Dcj1RazCzusVJdRA7K0)
8/16/2021, 1:08:00 AM - INFO - Req from: admin2 (sid: Mj7voo2YQI6W2Dcj1RazCzusVJdRA7K0)
8/16/2021, 1:08:00 AM - INFO - Req from: admin2 (sid: Mj7voo2YQI6W2Dcj1RazCzusVJdRA7K0)
8/16/2021, 1:08:00 AM - INFO - Req from: admin2 (sid: Mj7voo2YQI6W2Dcj1RazCzusVJdRA7K0)
8/16/2021, 1:08:05 AM - INFO - Req from: admin2 (sid: Mj7voo2YQI6W2Dcj1RazCzusVJdRA7K0)
8/16/2021, 1:08:05 AM - INFO - Req from: admin2 (sid: Mj7voo2YQI6W2Dcj1RazCzusVJdRA7K0)
8/16/2021, 1:08:05 AM - INFO - Req from: admin2 (sid: Mj7voo2YQI6W2Dcj1RazCzusVJdRA7K0)
8/16/2021, 1:08:05 AM - INFO - Req from: admin2 (sid: Mj7voo2YQI6W2Dcj1RazCzusVJdRA7K0)
8/16/2021, 1:08:05 AM - INFO - Req from: admin2 (sid: Mj7voo2YQI6W2Dcj1RazCzusVJdRA7K0)
8/16/2021, 1:08:13 AM - DEBUG - auth.service - login with username: admin (sid: Mj7voo2YQI6W2Dcj1RazCzusVJdRA7K0)
8/16/2021, 1:08:21 AM - INFO - Req from: admin (sid: Mj7voo2YQI6W2Dcj1RazCzusVJdRA7K0)
8/16/2021, 1:08:21 AM - INFO - Req from: admin (sid: Mj7voo2YQI6W2Dcj1RazCzusVJdRA7K0)
8/16/2021, 1:08:21 AM - INFO - Req from: admin (sid: Mj7voo2YQI6W2Dcj1RazCzusVJdRA7K0)
8/16/2021, 1:08:21 AM - INFO - Req from: admin (sid: Mj7voo2YQI6W2Dcj1RazCzusVJdRA7K0)
8/16/2021, 1:08:23 AM - INFO - Req from: admin (sid: Mj7voo2YQI6W2Dcj1RazCzusVJdRA7K0)
8/16/2021, 1:08:23 AM - INFO - Req from: admin (sid: Mj7voo2YQI6W2Dcj1RazCzusVJdRA7K0)
8/16/2021, 1:08:23 AM - INFO - Req from: admin (sid: Mj7voo2YQI6W2Dcj1RazCzusVJdRA7K0)
8/16/2021, 1:08:23 AM - INFO - Req from: admin (sid: Mj7voo2YQI6W2Dcj1RazCzusVJdRA7K0)
8/16/2021, 1:08:23 AM - INFO - Req from: admin (sid: Mj7voo2YQI6W2Dcj1RazCzusVJdRA7K0)
8/16/2021, 1:08:23 AM - INFO - Req from: admin (sid: Mj7voo2YQI6W2Dcj1RazCzusVJdRA7K0)
8/16/2021, 1:08:23 AM - INFO - Req from: admin (sid: Mj7voo2YQI6W2Dcj1RazCzusVJdRA7K0)
8/16/2021, 1:08:23 AM - INFO - Req from: admin (sid: Mj7voo2YQI6W2Dcj1RazCzusVJdRA7K0)
8/16/2021, 1:08:23 AM - INFO - Req from: admin (sid: Mj7voo2YQI6W2Dcj1RazCzusVJdRA7K0)
8/16/2021, 1:08:53 AM - INFO - Req from: admin (sid: Mj7voo2YQI6W2Dcj1RazCzusVJdRA7K0)
8/16/2021, 1:08:53 AM - INFO - Req from: admin (sid: Mj7voo2YQI6W2Dcj1RazCzusVJdRA7K0)
8/16/2021, 1:08:53 AM - INFO - Req from: admin (sid: Mj7voo2YQI6W2Dcj1RazCzusVJdRA7K0)
8/16/2021, 1:08:53 AM - INFO - Req from: admin (sid: Mj7voo2YQI6W2Dcj1RazCzusVJdRA7K0)
8/16/2021, 1:09:17 AM - INFO - Req from: admin (sid: Mj7voo2YQI6W2Dcj1RazCzusVJdRA7K0)
8/16/2021, 1:09:17 AM - INFO - Req from: admin (sid: Mj7voo2YQI6W2Dcj1RazCzusVJdRA7K0)
8/16/2021, 1:09:17 AM - INFO - Req from: admin (sid: Mj7voo2YQI6W2Dcj1RazCzusVJdRA7K0)
8/16/2021, 1:09:17 AM - INFO - Req from: admin (sid: Mj7voo2YQI6W2Dcj1RazCzusVJdRA7K0)
8/16/2021, 1:09:21 AM - INFO - Req from: admin (sid: Mj7voo2YQI6W2Dcj1RazCzusVJdRA7K0)
8/16/2021, 1:09:26 AM - INFO - Req from: admin (sid: Mj7voo2YQI6W2Dcj1RazCzusVJdRA7K0)
8/16/2021, 1:09:26 AM - INFO - Req from: admin (sid: Mj7voo2YQI6W2Dcj1RazCzusVJdRA7K0)
8/16/2021, 1:09:26 AM - INFO - Req from: admin (sid: Mj7voo2YQI6W2Dcj1RazCzusVJdRA7K0)
8/16/2021, 1:09:26 AM - INFO - Req from: admin (sid: Mj7voo2YQI6W2Dcj1RazCzusVJdRA7K0)
8/16/2021, 1:09:33 AM - INFO - Req from: admin (sid: Mj7voo2YQI6W2Dcj1RazCzusVJdRA7K0)
8/16/2021, 1:09:36 AM - INFO - Req from: admin (sid: Mj7voo2YQI6W2Dcj1RazCzusVJdRA7K0)
8/16/2021, 1:09:36 AM - INFO - Req from: admin (sid: Mj7voo2YQI6W2Dcj1RazCzusVJdRA7K0)
8/16/2021, 1:09:36 AM - INFO - Req from: admin (sid: Mj7voo2YQI6W2Dcj1RazCzusVJdRA7K0)
8/16/2021, 1:09:36 AM - INFO - Req from: admin (sid: Mj7voo2YQI6W2Dcj1RazCzusVJdRA7K0)
8/16/2021, 1:09:40 AM - INFO - Req from: admin (sid: Mj7voo2YQI6W2Dcj1RazCzusVJdRA7K0)
8/16/2021, 1:09:40 AM - INFO - Req from: admin (sid: Mj7voo2YQI6W2Dcj1RazCzusVJdRA7K0)
8/16/2021, 1:09:40 AM - INFO - Req from: admin (sid: Mj7voo2YQI6W2Dcj1RazCzusVJdRA7K0)
8/16/2021, 1:09:40 AM - INFO - Req from: admin (sid: Mj7voo2YQI6W2Dcj1RazCzusVJdRA7K0)
8/16/2021, 1:09:43 AM - INFO - Req from: admin (sid: Mj7voo2YQI6W2Dcj1RazCzusVJdRA7K0)
8/16/2021, 1:14:32 AM - INFO - Server is running on port: 3030 
8/16/2021, 1:20:00 PM - INFO - Server is running on port: 3030 
8/16/2021, 1:20:21 PM - DEBUG - auth.service - login with username: admin (sid: w5YBxON6Iox9Wziha3NZatCZfz5lvEUr)
8/16/2021, 1:20:21 PM - INFO - Req from: admin (sid: w5YBxON6Iox9Wziha3NZatCZfz5lvEUr)
8/16/2021, 1:20:21 PM - INFO - Req from: admin (sid: w5YBxON6Iox9Wziha3NZatCZfz5lvEUr)
8/16/2021, 1:20:21 PM - INFO - Req from: admin (sid: w5YBxON6Iox9Wziha3NZatCZfz5lvEUr)
8/16/2021, 1:20:21 PM - INFO - Req from: admin (sid: w5YBxON6Iox9Wziha3NZatCZfz5lvEUr)
8/16/2021, 1:20:21 PM - INFO - Req from: admin (sid: w5YBxON6Iox9Wziha3NZatCZfz5lvEUr)
8/16/2021, 1:20:30 PM - INFO - Req from: admin (sid: w5YBxON6Iox9Wziha3NZatCZfz5lvEUr)
8/16/2021, 1:20:30 PM - INFO - Req from: admin (sid: w5YBxON6Iox9Wziha3NZatCZfz5lvEUr)
8/16/2021, 1:20:30 PM - INFO - Req from: admin (sid: w5YBxON6Iox9Wziha3NZatCZfz5lvEUr)
8/16/2021, 1:20:30 PM - INFO - Req from: admin (sid: w5YBxON6Iox9Wziha3NZatCZfz5lvEUr)
8/16/2021, 1:20:30 PM - INFO - Req from: admin (sid: w5YBxON6Iox9Wziha3NZatCZfz5lvEUr)
8/16/2021, 1:20:34 PM - INFO - Req from: admin (sid: w5YBxON6Iox9Wziha3NZatCZfz5lvEUr)
8/16/2021, 1:20:34 PM - INFO - Req from: admin (sid: w5YBxON6Iox9Wziha3NZatCZfz5lvEUr)
8/16/2021, 1:20:34 PM - INFO - Req from: admin (sid: w5YBxON6Iox9Wziha3NZatCZfz5lvEUr)
8/16/2021, 1:20:34 PM - INFO - Req from: admin (sid: w5YBxON6Iox9Wziha3NZatCZfz5lvEUr)
8/16/2021, 1:20:42 PM - DEBUG - auth.service - login with username: admin2 (sid: w5YBxON6Iox9Wziha3NZatCZfz5lvEUr)
8/16/2021, 1:20:42 PM - INFO - Req from: admin2 (sid: w5YBxON6Iox9Wziha3NZatCZfz5lvEUr)
8/16/2021, 1:20:42 PM - INFO - Req from: admin2 (sid: w5YBxON6Iox9Wziha3NZatCZfz5lvEUr)
8/16/2021, 1:20:42 PM - INFO - Req from: admin2 (sid: w5YBxON6Iox9Wziha3NZatCZfz5lvEUr)
8/16/2021, 1:20:42 PM - INFO - Req from: admin2 (sid: w5YBxON6Iox9Wziha3NZatCZfz5lvEUr)
8/16/2021, 1:20:42 PM - INFO - Req from: admin2 (sid: w5YBxON6Iox9Wziha3NZatCZfz5lvEUr)
8/16/2021, 1:20:42 PM - INFO - Req from: admin2 (sid: w5YBxON6Iox9Wziha3NZatCZfz5lvEUr)
8/16/2021, 1:20:45 PM - INFO - Req from: admin2 (sid: w5YBxON6Iox9Wziha3NZatCZfz5lvEUr)
8/16/2021, 1:20:45 PM - INFO - Req from: admin2 (sid: w5YBxON6Iox9Wziha3NZatCZfz5lvEUr)
8/16/2021, 1:20:45 PM - INFO - Req from: admin2 (sid: w5YBxON6Iox9Wziha3NZatCZfz5lvEUr)
8/16/2021, 1:20:45 PM - INFO - Req from: admin2 (sid: w5YBxON6Iox9Wziha3NZatCZfz5lvEUr)
8/16/2021, 1:20:45 PM - INFO - Req from: admin2 (sid: w5YBxON6Iox9Wziha3NZatCZfz5lvEUr)
8/16/2021, 1:20:45 PM - INFO - Req from: admin2 (sid: w5YBxON6Iox9Wziha3NZatCZfz5lvEUr)
8/16/2021, 1:20:45 PM - INFO - Req from: admin2 (sid: w5YBxON6Iox9Wziha3NZatCZfz5lvEUr)
8/16/2021, 1:20:45 PM - INFO - Req from: admin2 (sid: w5YBxON6Iox9Wziha3NZatCZfz5lvEUr)
8/16/2021, 1:20:45 PM - INFO - Req from: admin2 (sid: w5YBxON6Iox9Wziha3NZatCZfz5lvEUr)
8/16/2021, 1:20:49 PM - INFO - Req from: admin2 (sid: w5YBxON6Iox9Wziha3NZatCZfz5lvEUr)
8/16/2021, 1:20:49 PM - INFO - Req from: admin2 (sid: w5YBxON6Iox9Wziha3NZatCZfz5lvEUr)
8/16/2021, 1:20:49 PM - INFO - Req from: admin2 (sid: w5YBxON6Iox9Wziha3NZatCZfz5lvEUr)
8/16/2021, 1:20:49 PM - INFO - Req from: admin2 (sid: w5YBxON6Iox9Wziha3NZatCZfz5lvEUr)
8/16/2021, 1:20:56 PM - INFO - Req from: admin2 (sid: w5YBxON6Iox9Wziha3NZatCZfz5lvEUr)
8/16/2021, 1:21:01 PM - INFO - Req from: admin2 (sid: w5YBxON6Iox9Wziha3NZatCZfz5lvEUr)
8/16/2021, 1:21:01 PM - INFO - Req from: admin2 (sid: w5YBxON6Iox9Wziha3NZatCZfz5lvEUr)
8/16/2021, 1:21:02 PM - INFO - Req from: admin2 (sid: w5YBxON6Iox9Wziha3NZatCZfz5lvEUr)
8/16/2021, 1:21:02 PM - INFO - Req from: admin2 (sid: w5YBxON6Iox9Wziha3NZatCZfz5lvEUr)
8/16/2021, 1:21:03 PM - INFO - Req from: admin2 (sid: w5YBxON6Iox9Wziha3NZatCZfz5lvEUr)
8/16/2021, 1:21:09 PM - INFO - Req from: admin2 (sid: w5YBxON6Iox9Wziha3NZatCZfz5lvEUr)
8/16/2021, 1:21:09 PM - INFO - Req from: admin2 (sid: w5YBxON6Iox9Wziha3NZatCZfz5lvEUr)
8/16/2021, 1:21:09 PM - INFO - Req from: admin2 (sid: w5YBxON6Iox9Wziha3NZatCZfz5lvEUr)
8/16/2021, 1:21:09 PM - INFO - Req from: admin2 (sid: w5YBxON6Iox9Wziha3NZatCZfz5lvEUr)
8/16/2021, 1:21:11 PM - INFO - Req from: admin2 (sid: w5YBxON6Iox9Wziha3NZatCZfz5lvEUr)
8/16/2021, 1:21:11 PM - INFO - Req from: admin2 (sid: w5YBxON6Iox9Wziha3NZatCZfz5lvEUr)
8/16/2021, 1:21:11 PM - INFO - Req from: admin2 (sid: w5YBxON6Iox9Wziha3NZatCZfz5lvEUr)
8/16/2021, 1:21:11 PM - INFO - Req from: admin2 (sid: w5YBxON6Iox9Wziha3NZatCZfz5lvEUr)
8/16/2021, 1:26:21 PM - INFO - Req from: admin2 (sid: w5YBxON6Iox9Wziha3NZatCZfz5lvEUr)
8/16/2021, 1:26:21 PM - INFO - Req from: admin2 (sid: w5YBxON6Iox9Wziha3NZatCZfz5lvEUr)
8/16/2021, 1:26:21 PM - INFO - Req from: admin2 (sid: w5YBxON6Iox9Wziha3NZatCZfz5lvEUr)
8/16/2021, 1:26:21 PM - INFO - Req from: admin2 (sid: w5YBxON6Iox9Wziha3NZatCZfz5lvEUr)
8/16/2021, 1:29:14 PM - DEBUG - auth.service - login with username: admin2 (sid: w5YBxON6Iox9Wziha3NZatCZfz5lvEUr)
8/16/2021, 1:29:14 PM - INFO - Req from: admin2 (sid: w5YBxON6Iox9Wziha3NZatCZfz5lvEUr)
8/16/2021, 1:29:14 PM - INFO - Req from: admin2 (sid: w5YBxON6Iox9Wziha3NZatCZfz5lvEUr)
8/16/2021, 1:29:14 PM - INFO - Req from: admin2 (sid: w5YBxON6Iox9Wziha3NZatCZfz5lvEUr)
8/16/2021, 1:29:14 PM - INFO - Req from: admin2 (sid: w5YBxON6Iox9Wziha3NZatCZfz5lvEUr)
8/16/2021, 1:29:14 PM - INFO - Req from: admin2 (sid: w5YBxON6Iox9Wziha3NZatCZfz5lvEUr)
8/16/2021, 1:29:14 PM - INFO - Req from: admin2 (sid: w5YBxON6Iox9Wziha3NZatCZfz5lvEUr)
8/16/2021, 1:31:07 PM - INFO - Req from: admin2 (sid: w5YBxON6Iox9Wziha3NZatCZfz5lvEUr)
8/16/2021, 1:31:07 PM - INFO - Req from: admin2 (sid: w5YBxON6Iox9Wziha3NZatCZfz5lvEUr)
8/16/2021, 1:31:07 PM - INFO - Req from: admin2 (sid: w5YBxON6Iox9Wziha3NZatCZfz5lvEUr)
8/16/2021, 1:31:07 PM - INFO - Req from: admin2 (sid: w5YBxON6Iox9Wziha3NZatCZfz5lvEUr)
8/16/2021, 1:31:15 PM - DEBUG - auth.service - login with username: admin2 (sid: w5YBxON6Iox9Wziha3NZatCZfz5lvEUr)
8/16/2021, 1:31:15 PM - INFO - Req from: admin2 (sid: w5YBxON6Iox9Wziha3NZatCZfz5lvEUr)
8/16/2021, 1:31:15 PM - INFO - Req from: admin2 (sid: w5YBxON6Iox9Wziha3NZatCZfz5lvEUr)
8/16/2021, 1:31:15 PM - INFO - Req from: admin2 (sid: w5YBxON6Iox9Wziha3NZatCZfz5lvEUr)
8/16/2021, 1:31:15 PM - INFO - Req from: admin2 (sid: w5YBxON6Iox9Wziha3NZatCZfz5lvEUr)
8/16/2021, 1:31:34 PM - INFO - Req from: admin2 (sid: w5YBxON6Iox9Wziha3NZatCZfz5lvEUr)
8/16/2021, 1:31:34 PM - INFO - Req from: admin2 (sid: w5YBxON6Iox9Wziha3NZatCZfz5lvEUr)
8/16/2021, 1:31:34 PM - INFO - Req from: admin2 (sid: w5YBxON6Iox9Wziha3NZatCZfz5lvEUr)
8/16/2021, 1:31:34 PM - INFO - Req from: admin2 (sid: w5YBxON6Iox9Wziha3NZatCZfz5lvEUr)
8/16/2021, 1:32:54 PM - INFO - Req from: admin2 (sid: w5YBxON6Iox9Wziha3NZatCZfz5lvEUr)
8/16/2021, 1:32:54 PM - INFO - Req from: admin2 (sid: w5YBxON6Iox9Wziha3NZatCZfz5lvEUr)
8/16/2021, 1:32:54 PM - INFO - Req from: admin2 (sid: w5YBxON6Iox9Wziha3NZatCZfz5lvEUr)
8/16/2021, 1:32:54 PM - INFO - Req from: admin2 (sid: w5YBxON6Iox9Wziha3NZatCZfz5lvEUr)
8/16/2021, 1:47:38 PM - INFO - Req from: admin2 (sid: w5YBxON6Iox9Wziha3NZatCZfz5lvEUr)
8/16/2021, 1:47:38 PM - INFO - Req from: admin2 (sid: w5YBxON6Iox9Wziha3NZatCZfz5lvEUr)
8/16/2021, 1:47:38 PM - INFO - Req from: admin2 (sid: w5YBxON6Iox9Wziha3NZatCZfz5lvEUr)
8/16/2021, 1:47:38 PM - INFO - Req from: admin2 (sid: w5YBxON6Iox9Wziha3NZatCZfz5lvEUr)
8/16/2021, 1:47:45 PM - INFO - Req from: admin2 (sid: w5YBxON6Iox9Wziha3NZatCZfz5lvEUr)
8/16/2021, 1:47:45 PM - DEBUG - auth.service - login with username: admin1 (sid: w5YBxON6Iox9Wziha3NZatCZfz5lvEUr)
8/16/2021, 1:47:45 PM - ERROR - Failed to Login Invalid username or password (sid: w5YBxON6Iox9Wziha3NZatCZfz5lvEUr)
8/16/2021, 1:47:45 PM - INFO - Req from: admin2 (sid: w5YBxON6Iox9Wziha3NZatCZfz5lvEUr)
8/16/2021, 1:47:45 PM - INFO - Req from: admin2 (sid: w5YBxON6Iox9Wziha3NZatCZfz5lvEUr)
8/16/2021, 1:47:45 PM - INFO - Req from: admin2 (sid: w5YBxON6Iox9Wziha3NZatCZfz5lvEUr)
8/16/2021, 1:47:48 PM - DEBUG - auth.service - login with username: admin (sid: w5YBxON6Iox9Wziha3NZatCZfz5lvEUr)
8/16/2021, 1:47:48 PM - INFO - Req from: admin (sid: w5YBxON6Iox9Wziha3NZatCZfz5lvEUr)
8/16/2021, 1:47:49 PM - INFO - Req from: admin (sid: w5YBxON6Iox9Wziha3NZatCZfz5lvEUr)
8/16/2021, 1:47:49 PM - INFO - Req from: admin (sid: w5YBxON6Iox9Wziha3NZatCZfz5lvEUr)
8/16/2021, 1:47:49 PM - INFO - Req from: admin (sid: w5YBxON6Iox9Wziha3NZatCZfz5lvEUr)
8/16/2021, 1:47:49 PM - INFO - Req from: admin (sid: w5YBxON6Iox9Wziha3NZatCZfz5lvEUr)
8/16/2021, 1:47:49 PM - INFO - Req from: admin (sid: w5YBxON6Iox9Wziha3NZatCZfz5lvEUr)
8/17/2021, 8:01:57 AM - INFO - Server is running on port: 3030 
8/24/2021, 12:24:35 PM - INFO - Server is running on port: 3030 
8/24/2021, 12:24:53 PM - DEBUG - auth.service - login with username: admin (sid: vzwPxCYxZCprjMAVrytA5izgJGyZn70b)
8/24/2021, 12:24:53 PM - INFO - Req from: admin (sid: vzwPxCYxZCprjMAVrytA5izgJGyZn70b)
8/24/2021, 12:24:53 PM - INFO - Req from: admin (sid: vzwPxCYxZCprjMAVrytA5izgJGyZn70b)
8/24/2021, 12:25:05 PM - DEBUG - auth.service - login with username: admin (sid: Hif3RR4el03oKaWw2gmOmRhoh9c3cEMB)
8/24/2021, 12:25:05 PM - INFO - Req from: admin (sid: Hif3RR4el03oKaWw2gmOmRhoh9c3cEMB)
8/24/2021, 12:25:05 PM - INFO - Req from: admin (sid: Hif3RR4el03oKaWw2gmOmRhoh9c3cEMB)
8/24/2021, 12:25:05 PM - INFO - Req from: admin (sid: Hif3RR4el03oKaWw2gmOmRhoh9c3cEMB)
8/24/2021, 12:25:05 PM - INFO - Req from: admin (sid: Hif3RR4el03oKaWw2gmOmRhoh9c3cEMB)
8/24/2021, 12:25:05 PM - INFO - Req from: admin (sid: Hif3RR4el03oKaWw2gmOmRhoh9c3cEMB)
8/24/2021, 12:25:05 PM - INFO - Req from: admin (sid: Hif3RR4el03oKaWw2gmOmRhoh9c3cEMB)
8/24/2021, 12:25:07 PM - INFO - Req from: admin (sid: Hif3RR4el03oKaWw2gmOmRhoh9c3cEMB)
8/24/2021, 12:25:07 PM - INFO - Req from: admin (sid: Hif3RR4el03oKaWw2gmOmRhoh9c3cEMB)
8/24/2021, 12:25:07 PM - INFO - Req from: admin (sid: Hif3RR4el03oKaWw2gmOmRhoh9c3cEMB)
8/24/2021, 12:25:07 PM - INFO - Req from: admin (sid: Hif3RR4el03oKaWw2gmOmRhoh9c3cEMB)
8/24/2021, 12:25:07 PM - INFO - Req from: admin (sid: Hif3RR4el03oKaWw2gmOmRhoh9c3cEMB)
8/24/2021, 12:25:33 PM - INFO - Req from: admin (sid: Hif3RR4el03oKaWw2gmOmRhoh9c3cEMB)
8/24/2021, 12:25:33 PM - INFO - Req from: admin (sid: Hif3RR4el03oKaWw2gmOmRhoh9c3cEMB)
8/24/2021, 12:25:34 PM - INFO - Req from: admin (sid: Hif3RR4el03oKaWw2gmOmRhoh9c3cEMB)
8/24/2021, 12:25:34 PM - INFO - Req from: admin (sid: Hif3RR4el03oKaWw2gmOmRhoh9c3cEMB)
8/24/2021, 12:25:52 PM - DEBUG - auth.service - login with username: admin2 (sid: Hif3RR4el03oKaWw2gmOmRhoh9c3cEMB)
8/24/2021, 12:25:52 PM - INFO - Req from: admin2 (sid: Hif3RR4el03oKaWw2gmOmRhoh9c3cEMB)
8/24/2021, 12:25:52 PM - INFO - Req from: admin2 (sid: Hif3RR4el03oKaWw2gmOmRhoh9c3cEMB)
8/24/2021, 12:25:52 PM - INFO - Req from: admin2 (sid: Hif3RR4el03oKaWw2gmOmRhoh9c3cEMB)
8/24/2021, 12:25:52 PM - INFO - Req from: admin2 (sid: Hif3RR4el03oKaWw2gmOmRhoh9c3cEMB)
8/24/2021, 12:25:52 PM - INFO - Req from: admin2 (sid: Hif3RR4el03oKaWw2gmOmRhoh9c3cEMB)
8/24/2021, 12:25:52 PM - INFO - Req from: admin2 (sid: Hif3RR4el03oKaWw2gmOmRhoh9c3cEMB)
8/24/2021, 12:25:58 PM - INFO - Req from: admin2 (sid: Hif3RR4el03oKaWw2gmOmRhoh9c3cEMB)
8/24/2021, 12:25:58 PM - INFO - Req from: admin2 (sid: Hif3RR4el03oKaWw2gmOmRhoh9c3cEMB)
8/24/2021, 12:25:58 PM - INFO - Req from: admin2 (sid: Hif3RR4el03oKaWw2gmOmRhoh9c3cEMB)
8/24/2021, 12:25:58 PM - INFO - Req from: admin2 (sid: Hif3RR4el03oKaWw2gmOmRhoh9c3cEMB)
8/24/2021, 12:26:00 PM - INFO - Req from: admin2 (sid: Hif3RR4el03oKaWw2gmOmRhoh9c3cEMB)
8/24/2021, 12:26:00 PM - INFO - Req from: admin2 (sid: Hif3RR4el03oKaWw2gmOmRhoh9c3cEMB)
8/24/2021, 12:26:00 PM - INFO - Req from: admin2 (sid: Hif3RR4el03oKaWw2gmOmRhoh9c3cEMB)
8/24/2021, 12:26:00 PM - INFO - Req from: admin2 (sid: Hif3RR4el03oKaWw2gmOmRhoh9c3cEMB)
8/24/2021, 12:26:00 PM - INFO - Req from: admin2 (sid: Hif3RR4el03oKaWw2gmOmRhoh9c3cEMB)
8/24/2021, 12:26:00 PM - INFO - Req from: admin2 (sid: Hif3RR4el03oKaWw2gmOmRhoh9c3cEMB)
8/24/2021, 12:26:00 PM - INFO - Req from: admin2 (sid: Hif3RR4el03oKaWw2gmOmRhoh9c3cEMB)
8/24/2021, 12:26:00 PM - INFO - Req from: admin2 (sid: Hif3RR4el03oKaWw2gmOmRhoh9c3cEMB)
8/24/2021, 12:26:00 PM - INFO - Req from: admin2 (sid: Hif3RR4el03oKaWw2gmOmRhoh9c3cEMB)
8/24/2021, 12:26:09 PM - INFO - Req from: admin2 (sid: Hif3RR4el03oKaWw2gmOmRhoh9c3cEMB)
8/24/2021, 12:26:09 PM - INFO - Req from: admin2 (sid: Hif3RR4el03oKaWw2gmOmRhoh9c3cEMB)
8/24/2021, 12:26:09 PM - INFO - Req from: admin2 (sid: Hif3RR4el03oKaWw2gmOmRhoh9c3cEMB)
8/24/2021, 12:26:09 PM - INFO - Req from: admin2 (sid: Hif3RR4el03oKaWw2gmOmRhoh9c3cEMB)
8/24/2021, 12:30:07 PM - INFO - Req from: admin2 (sid: Hif3RR4el03oKaWw2gmOmRhoh9c3cEMB)
8/24/2021, 12:30:07 PM - INFO - Req from: admin2 (sid: Hif3RR4el03oKaWw2gmOmRhoh9c3cEMB)
8/24/2021, 12:30:07 PM - INFO - Req from: admin2 (sid: Hif3RR4el03oKaWw2gmOmRhoh9c3cEMB)
8/24/2021, 12:30:07 PM - INFO - Req from: admin2 (sid: Hif3RR4el03oKaWw2gmOmRhoh9c3cEMB)
8/24/2021, 12:30:07 PM - INFO - Req from: admin2 (sid: Hif3RR4el03oKaWw2gmOmRhoh9c3cEMB)
8/24/2021, 12:30:07 PM - INFO - Req from: admin2 (sid: Hif3RR4el03oKaWw2gmOmRhoh9c3cEMB)
8/24/2021, 12:30:07 PM - INFO - Req from: admin2 (sid: Hif3RR4el03oKaWw2gmOmRhoh9c3cEMB)
8/24/2021, 12:30:07 PM - INFO - Req from: admin2 (sid: Hif3RR4el03oKaWw2gmOmRhoh9c3cEMB)
8/24/2021, 12:30:46 PM - INFO - Req from: admin2 (sid: Hif3RR4el03oKaWw2gmOmRhoh9c3cEMB)
8/24/2021, 12:30:47 PM - INFO - Req from: admin2 (sid: Hif3RR4el03oKaWw2gmOmRhoh9c3cEMB)
8/24/2021, 12:30:47 PM - INFO - Req from: admin2 (sid: Hif3RR4el03oKaWw2gmOmRhoh9c3cEMB)
8/24/2021, 12:30:47 PM - INFO - Req from: admin2 (sid: Hif3RR4el03oKaWw2gmOmRhoh9c3cEMB)
8/24/2021, 12:30:48 PM - INFO - Req from: admin2 (sid: Hif3RR4el03oKaWw2gmOmRhoh9c3cEMB)
8/24/2021, 12:30:48 PM - INFO - Req from: admin2 (sid: Hif3RR4el03oKaWw2gmOmRhoh9c3cEMB)
8/24/2021, 12:30:48 PM - INFO - Req from: admin2 (sid: Hif3RR4el03oKaWw2gmOmRhoh9c3cEMB)
8/24/2021, 12:30:48 PM - INFO - Req from: admin2 (sid: Hif3RR4el03oKaWw2gmOmRhoh9c3cEMB)
8/24/2021, 12:30:48 PM - INFO - Req from: admin2 (sid: Hif3RR4el03oKaWw2gmOmRhoh9c3cEMB)
8/24/2021, 12:30:56 PM - INFO - Req from: admin2 (sid: Hif3RR4el03oKaWw2gmOmRhoh9c3cEMB)
8/24/2021, 12:30:56 PM - INFO - Req from: admin2 (sid: Hif3RR4el03oKaWw2gmOmRhoh9c3cEMB)
8/24/2021, 12:30:57 PM - INFO - Req from: admin2 (sid: Hif3RR4el03oKaWw2gmOmRhoh9c3cEMB)
8/24/2021, 12:30:57 PM - INFO - Req from: admin2 (sid: Hif3RR4el03oKaWw2gmOmRhoh9c3cEMB)
8/24/2021, 12:49:50 PM - INFO - Server is running on port: 3030 
8/24/2021, 12:53:53 PM - INFO - Server is running on port: 3030 
8/24/2021, 12:55:09 PM - INFO - Server is running on port: 3030 
8/25/2021, 5:14:58 PM - INFO - Server is running on port: 3030 
8/25/2021, 10:25:27 PM - INFO - Server is running on port: 3030 
8/25/2021, 10:46:16 PM - DEBUG - auth.service - login with username: admin2 (sid: lNXzGqu0oIkbdWFKpLXkpE4caU0MtUpV)
8/25/2021, 10:46:21 PM - INFO - Req from: admin2 (sid: lNXzGqu0oIkbdWFKpLXkpE4caU0MtUpV)
8/25/2021, 10:46:21 PM - INFO - Req from: admin2 (sid: lNXzGqu0oIkbdWFKpLXkpE4caU0MtUpV)
8/25/2021, 10:46:21 PM - INFO - Req from: admin2 (sid: lNXzGqu0oIkbdWFKpLXkpE4caU0MtUpV)
8/25/2021, 10:46:21 PM - INFO - Req from: admin2 (sid: lNXzGqu0oIkbdWFKpLXkpE4caU0MtUpV)
8/25/2021, 10:46:30 PM - INFO - Req from: admin2 (sid: lNXzGqu0oIkbdWFKpLXkpE4caU0MtUpV)
8/25/2021, 10:46:30 PM - INFO - Req from: admin2 (sid: lNXzGqu0oIkbdWFKpLXkpE4caU0MtUpV)
8/25/2021, 10:46:30 PM - INFO - Req from: admin2 (sid: lNXzGqu0oIkbdWFKpLXkpE4caU0MtUpV)
8/25/2021, 10:46:30 PM - INFO - Req from: admin2 (sid: lNXzGqu0oIkbdWFKpLXkpE4caU0MtUpV)
8/25/2021, 10:46:30 PM - INFO - Req from: admin2 (sid: lNXzGqu0oIkbdWFKpLXkpE4caU0MtUpV)
8/25/2021, 10:52:45 PM - INFO - Server is running on port: 3030 
8/25/2021, 10:54:14 PM - DEBUG - auth.service - login with username: admin2 (sid: zllam_LqIDsOa48zf0WU-FNmJAYlPvGD)
8/25/2021, 10:54:19 PM - INFO - Req from: admin2 (sid: zllam_LqIDsOa48zf0WU-FNmJAYlPvGD)
8/25/2021, 10:54:19 PM - INFO - Req from: admin2 (sid: zllam_LqIDsOa48zf0WU-FNmJAYlPvGD)
8/25/2021, 10:54:19 PM - INFO - Req from: admin2 (sid: zllam_LqIDsOa48zf0WU-FNmJAYlPvGD)
8/25/2021, 10:54:19 PM - INFO - Req from: admin2 (sid: zllam_LqIDsOa48zf0WU-FNmJAYlPvGD)
8/25/2021, 10:54:21 PM - INFO - Req from: admin2 (sid: zllam_LqIDsOa48zf0WU-FNmJAYlPvGD)
8/25/2021, 10:54:21 PM - INFO - Req from: admin2 (sid: zllam_LqIDsOa48zf0WU-FNmJAYlPvGD)
8/25/2021, 10:54:21 PM - INFO - Req from: admin2 (sid: zllam_LqIDsOa48zf0WU-FNmJAYlPvGD)
8/25/2021, 10:54:21 PM - INFO - Req from: admin2 (sid: zllam_LqIDsOa48zf0WU-FNmJAYlPvGD)
8/25/2021, 10:54:21 PM - INFO - Req from: admin2 (sid: zllam_LqIDsOa48zf0WU-FNmJAYlPvGD)
8/25/2021, 10:54:30 PM - INFO - Req from: admin2 (sid: zllam_LqIDsOa48zf0WU-FNmJAYlPvGD)
8/25/2021, 10:54:30 PM - INFO - Req from: admin2 (sid: zllam_LqIDsOa48zf0WU-FNmJAYlPvGD)
8/25/2021, 10:56:56 PM - INFO - Server is running on port: 3030 
8/25/2021, 10:57:11 PM - DEBUG - auth.service - login with username: admin2 (sid: gMuUtF2Z1f4MEhWBnJsy_d7eFSKd7qyG)
8/25/2021, 10:57:14 PM - INFO - Req from: admin2 (sid: gMuUtF2Z1f4MEhWBnJsy_d7eFSKd7qyG)
8/25/2021, 10:57:14 PM - INFO - Req from: admin2 (sid: gMuUtF2Z1f4MEhWBnJsy_d7eFSKd7qyG)
8/25/2021, 10:57:14 PM - INFO - Req from: admin2 (sid: gMuUtF2Z1f4MEhWBnJsy_d7eFSKd7qyG)
8/25/2021, 10:57:14 PM - INFO - Req from: admin2 (sid: gMuUtF2Z1f4MEhWBnJsy_d7eFSKd7qyG)
8/25/2021, 10:57:16 PM - INFO - Req from: admin2 (sid: gMuUtF2Z1f4MEhWBnJsy_d7eFSKd7qyG)
8/25/2021, 10:57:16 PM - INFO - Req from: admin2 (sid: gMuUtF2Z1f4MEhWBnJsy_d7eFSKd7qyG)
8/25/2021, 10:57:16 PM - INFO - Req from: admin2 (sid: gMuUtF2Z1f4MEhWBnJsy_d7eFSKd7qyG)
8/25/2021, 10:57:16 PM - INFO - Req from: admin2 (sid: gMuUtF2Z1f4MEhWBnJsy_d7eFSKd7qyG)
8/25/2021, 10:57:16 PM - INFO - Req from: admin2 (sid: gMuUtF2Z1f4MEhWBnJsy_d7eFSKd7qyG)
8/25/2021, 10:57:27 PM - INFO - Req from: admin2 (sid: gMuUtF2Z1f4MEhWBnJsy_d7eFSKd7qyG)
8/25/2021, 10:57:27 PM - INFO - Req from: admin2 (sid: gMuUtF2Z1f4MEhWBnJsy_d7eFSKd7qyG)
8/25/2021, 10:58:02 PM - INFO - Req from: admin2 (sid: gMuUtF2Z1f4MEhWBnJsy_d7eFSKd7qyG)
8/25/2021, 10:58:02 PM - INFO - Req from: admin2 (sid: gMuUtF2Z1f4MEhWBnJsy_d7eFSKd7qyG)
8/25/2021, 10:58:02 PM - INFO - Req from: admin2 (sid: gMuUtF2Z1f4MEhWBnJsy_d7eFSKd7qyG)
8/25/2021, 10:58:02 PM - INFO - Req from: admin2 (sid: gMuUtF2Z1f4MEhWBnJsy_d7eFSKd7qyG)
8/25/2021, 10:58:06 PM - DEBUG - auth.service - login with username: admin2 (sid: gMuUtF2Z1f4MEhWBnJsy_d7eFSKd7qyG)
8/25/2021, 10:58:06 PM - INFO - Req from: admin2 (sid: gMuUtF2Z1f4MEhWBnJsy_d7eFSKd7qyG)
8/25/2021, 10:58:06 PM - INFO - Req from: admin2 (sid: gMuUtF2Z1f4MEhWBnJsy_d7eFSKd7qyG)
8/25/2021, 10:58:06 PM - INFO - Req from: admin2 (sid: gMuUtF2Z1f4MEhWBnJsy_d7eFSKd7qyG)
8/25/2021, 10:58:06 PM - INFO - Req from: admin2 (sid: gMuUtF2Z1f4MEhWBnJsy_d7eFSKd7qyG)
8/25/2021, 10:58:06 PM - INFO - Req from: admin2 (sid: gMuUtF2Z1f4MEhWBnJsy_d7eFSKd7qyG)
8/25/2021, 10:58:06 PM - INFO - Req from: admin2 (sid: gMuUtF2Z1f4MEhWBnJsy_d7eFSKd7qyG)
8/25/2021, 10:58:13 PM - INFO - Req from: admin2 (sid: gMuUtF2Z1f4MEhWBnJsy_d7eFSKd7qyG)
8/25/2021, 10:58:13 PM - INFO - Req from: admin2 (sid: gMuUtF2Z1f4MEhWBnJsy_d7eFSKd7qyG)
8/25/2021, 10:58:13 PM - INFO - Req from: admin2 (sid: gMuUtF2Z1f4MEhWBnJsy_d7eFSKd7qyG)
8/25/2021, 10:58:13 PM - INFO - Req from: admin2 (sid: gMuUtF2Z1f4MEhWBnJsy_d7eFSKd7qyG)
8/25/2021, 10:58:13 PM - INFO - Req from: admin2 (sid: gMuUtF2Z1f4MEhWBnJsy_d7eFSKd7qyG)
8/26/2021, 12:21:11 AM - DEBUG - auth.service - login with username: admin2 (sid: Q1Mrh8Ao3XUsx5HNS_e1brB7Vg_s37Gz)
8/26/2021, 12:21:11 AM - INFO - Req from: admin2 (sid: Q1Mrh8Ao3XUsx5HNS_e1brB7Vg_s37Gz)
8/26/2021, 12:21:11 AM - INFO - Req from: admin2 (sid: Q1Mrh8Ao3XUsx5HNS_e1brB7Vg_s37Gz)
8/26/2021, 12:21:11 AM - INFO - Req from: admin2 (sid: Q1Mrh8Ao3XUsx5HNS_e1brB7Vg_s37Gz)
8/26/2021, 12:21:11 AM - INFO - Req from: admin2 (sid: Q1Mrh8Ao3XUsx5HNS_e1brB7Vg_s37Gz)
8/26/2021, 12:21:11 AM - INFO - Req from: admin2 (sid: Q1Mrh8Ao3XUsx5HNS_e1brB7Vg_s37Gz)
8/26/2021, 12:21:11 AM - INFO - Req from: admin2 (sid: Q1Mrh8Ao3XUsx5HNS_e1brB7Vg_s37Gz)
8/26/2021, 12:21:18 AM - INFO - Req from: admin2 (sid: Q1Mrh8Ao3XUsx5HNS_e1brB7Vg_s37Gz)
8/26/2021, 12:21:18 AM - INFO - Req from: admin2 (sid: Q1Mrh8Ao3XUsx5HNS_e1brB7Vg_s37Gz)
8/26/2021, 12:21:18 AM - INFO - Req from: admin2 (sid: Q1Mrh8Ao3XUsx5HNS_e1brB7Vg_s37Gz)
8/26/2021, 12:21:18 AM - INFO - Req from: admin2 (sid: Q1Mrh8Ao3XUsx5HNS_e1brB7Vg_s37Gz)
8/26/2021, 12:21:18 AM - INFO - Req from: admin2 (sid: Q1Mrh8Ao3XUsx5HNS_e1brB7Vg_s37Gz)
8/26/2021, 12:21:56 AM - INFO - Req from: admin2 (sid: Q1Mrh8Ao3XUsx5HNS_e1brB7Vg_s37Gz)
8/26/2021, 12:22:21 AM - INFO - Req from: admin2 (sid: Q1Mrh8Ao3XUsx5HNS_e1brB7Vg_s37Gz)
8/26/2021, 12:22:21 AM - INFO - Req from: admin2 (sid: Q1Mrh8Ao3XUsx5HNS_e1brB7Vg_s37Gz)
8/26/2021, 12:22:21 AM - INFO - Req from: admin2 (sid: Q1Mrh8Ao3XUsx5HNS_e1brB7Vg_s37Gz)
8/26/2021, 12:22:21 AM - INFO - Req from: admin2 (sid: Q1Mrh8Ao3XUsx5HNS_e1brB7Vg_s37Gz)
8/26/2021, 12:22:49 AM - DEBUG - auth.service - login with username: admin (sid: Q1Mrh8Ao3XUsx5HNS_e1brB7Vg_s37Gz)
8/26/2021, 12:22:49 AM - INFO - Req from: admin (sid: Q1Mrh8Ao3XUsx5HNS_e1brB7Vg_s37Gz)
8/26/2021, 12:22:49 AM - INFO - Req from: admin (sid: Q1Mrh8Ao3XUsx5HNS_e1brB7Vg_s37Gz)
8/26/2021, 12:22:49 AM - INFO - Req from: admin (sid: Q1Mrh8Ao3XUsx5HNS_e1brB7Vg_s37Gz)
8/26/2021, 12:22:49 AM - INFO - Req from: admin (sid: Q1Mrh8Ao3XUsx5HNS_e1brB7Vg_s37Gz)
8/26/2021, 12:22:49 AM - INFO - Req from: admin (sid: Q1Mrh8Ao3XUsx5HNS_e1brB7Vg_s37Gz)
8/26/2021, 12:22:49 AM - INFO - Req from: admin (sid: Q1Mrh8Ao3XUsx5HNS_e1brB7Vg_s37Gz)
8/26/2021, 12:22:57 AM - INFO - Req from: admin (sid: Q1Mrh8Ao3XUsx5HNS_e1brB7Vg_s37Gz)
8/26/2021, 12:22:57 AM - INFO - Req from: admin (sid: Q1Mrh8Ao3XUsx5HNS_e1brB7Vg_s37Gz)
8/26/2021, 12:22:57 AM - INFO - Req from: admin (sid: Q1Mrh8Ao3XUsx5HNS_e1brB7Vg_s37Gz)
8/26/2021, 12:22:57 AM - INFO - Req from: admin (sid: Q1Mrh8Ao3XUsx5HNS_e1brB7Vg_s37Gz)
8/26/2021, 12:22:57 AM - INFO - Req from: admin (sid: Q1Mrh8Ao3XUsx5HNS_e1brB7Vg_s37Gz)
8/26/2021, 12:22:57 AM - INFO - Req from: admin (sid: Q1Mrh8Ao3XUsx5HNS_e1brB7Vg_s37Gz)
8/26/2021, 12:22:57 AM - INFO - Req from: admin (sid: Q1Mrh8Ao3XUsx5HNS_e1brB7Vg_s37Gz)
8/26/2021, 12:22:57 AM - INFO - Req from: admin (sid: Q1Mrh8Ao3XUsx5HNS_e1brB7Vg_s37Gz)
8/26/2021, 12:22:57 AM - INFO - Req from: admin (sid: Q1Mrh8Ao3XUsx5HNS_e1brB7Vg_s37Gz)
8/26/2021, 12:23:32 AM - INFO - Req from: admin (sid: Q1Mrh8Ao3XUsx5HNS_e1brB7Vg_s37Gz)
8/26/2021, 12:23:32 AM - INFO - Req from: admin (sid: Q1Mrh8Ao3XUsx5HNS_e1brB7Vg_s37Gz)
8/26/2021, 12:23:32 AM - INFO - Req from: admin (sid: Q1Mrh8Ao3XUsx5HNS_e1brB7Vg_s37Gz)
8/26/2021, 12:23:32 AM - INFO - Req from: admin (sid: Q1Mrh8Ao3XUsx5HNS_e1brB7Vg_s37Gz)
8/26/2021, 12:23:34 AM - INFO - Req from: admin (sid: Q1Mrh8Ao3XUsx5HNS_e1brB7Vg_s37Gz)
8/26/2021, 12:23:34 AM - INFO - Req from: admin (sid: Q1Mrh8Ao3XUsx5HNS_e1brB7Vg_s37Gz)
8/26/2021, 12:23:34 AM - INFO - Req from: admin (sid: Q1Mrh8Ao3XUsx5HNS_e1brB7Vg_s37Gz)
8/26/2021, 12:23:34 AM - INFO - Req from: admin (sid: Q1Mrh8Ao3XUsx5HNS_e1brB7Vg_s37Gz)
8/26/2021, 12:23:39 AM - INFO - Req from: admin (sid: Q1Mrh8Ao3XUsx5HNS_e1brB7Vg_s37Gz)
8/26/2021, 12:23:39 AM - INFO - Req from: admin (sid: Q1Mrh8Ao3XUsx5HNS_e1brB7Vg_s37Gz)
8/26/2021, 12:23:39 AM - INFO - Req from: admin (sid: Q1Mrh8Ao3XUsx5HNS_e1brB7Vg_s37Gz)
8/26/2021, 12:23:39 AM - INFO - Req from: admin (sid: Q1Mrh8Ao3XUsx5HNS_e1brB7Vg_s37Gz)
8/26/2021, 12:23:39 AM - INFO - Req from: admin (sid: Q1Mrh8Ao3XUsx5HNS_e1brB7Vg_s37Gz)
8/26/2021, 12:23:46 AM - INFO - Req from: admin (sid: Q1Mrh8Ao3XUsx5HNS_e1brB7Vg_s37Gz)
8/26/2021, 12:23:46 AM - INFO - Req from: admin (sid: Q1Mrh8Ao3XUsx5HNS_e1brB7Vg_s37Gz)
8/26/2021, 12:23:46 AM - INFO - Req from: admin (sid: Q1Mrh8Ao3XUsx5HNS_e1brB7Vg_s37Gz)
8/26/2021, 12:23:46 AM - INFO - Req from: admin (sid: Q1Mrh8Ao3XUsx5HNS_e1brB7Vg_s37Gz)
8/26/2021, 12:23:49 AM - INFO - Req from: admin (sid: Q1Mrh8Ao3XUsx5HNS_e1brB7Vg_s37Gz)
8/26/2021, 12:23:49 AM - INFO - Req from: admin (sid: Q1Mrh8Ao3XUsx5HNS_e1brB7Vg_s37Gz)
8/26/2021, 12:23:49 AM - INFO - Req from: admin (sid: Q1Mrh8Ao3XUsx5HNS_e1brB7Vg_s37Gz)
8/26/2021, 12:23:49 AM - INFO - Req from: admin (sid: Q1Mrh8Ao3XUsx5HNS_e1brB7Vg_s37Gz)
8/26/2021, 12:23:49 AM - INFO - Req from: admin (sid: Q1Mrh8Ao3XUsx5HNS_e1brB7Vg_s37Gz)
8/26/2021, 12:23:49 AM - INFO - Req from: admin (sid: Q1Mrh8Ao3XUsx5HNS_e1brB7Vg_s37Gz)
8/26/2021, 12:23:49 AM - INFO - Req from: admin (sid: Q1Mrh8Ao3XUsx5HNS_e1brB7Vg_s37Gz)
8/26/2021, 12:23:49 AM - INFO - Req from: admin (sid: Q1Mrh8Ao3XUsx5HNS_e1brB7Vg_s37Gz)
8/26/2021, 12:23:49 AM - INFO - Req from: admin (sid: Q1Mrh8Ao3XUsx5HNS_e1brB7Vg_s37Gz)
8/26/2021, 12:39:35 AM - INFO - Server is running on port: 3030 
8/26/2021, 12:40:02 AM - INFO - Server is running on port: 3030 
9/9/2021, 12:07:34 PM - INFO - Server is running on port: 3030 
9/9/2021, 12:12:49 PM - INFO - Server is running on port: 3030 
9/9/2021, 12:13:43 PM - INFO - Server is running on port: 3030 
9/9/2021, 12:14:18 PM - DEBUG - auth.service - login with username: admin (sid: Dj7YqzykZab79vvcgxgfr9LIXlH05Xr3)
9/9/2021, 12:14:18 PM - INFO - Req from: admin (sid: Dj7YqzykZab79vvcgxgfr9LIXlH05Xr3)
9/9/2021, 12:14:18 PM - INFO - Req from: admin (sid: Dj7YqzykZab79vvcgxgfr9LIXlH05Xr3)
9/9/2021, 12:14:18 PM - INFO - Req from: admin (sid: Dj7YqzykZab79vvcgxgfr9LIXlH05Xr3)
9/9/2021, 12:14:18 PM - INFO - Req from: admin (sid: Dj7YqzykZab79vvcgxgfr9LIXlH05Xr3)
9/9/2021, 12:14:18 PM - INFO - Req from: admin (sid: Dj7YqzykZab79vvcgxgfr9LIXlH05Xr3)
9/9/2021, 12:14:18 PM - INFO - Req from: admin (sid: Dj7YqzykZab79vvcgxgfr9LIXlH05Xr3)
9/9/2021, 12:17:03 PM - INFO - Server is running on port: 3030 
9/9/2021, 12:17:13 PM - DEBUG - auth.service - login with username: admin (sid: 6F8dgwrBBd8VO89HIVC8_zpMV85Sw8_F)
9/9/2021, 12:18:04 PM - INFO - Server is running on port: 3030 
9/9/2021, 12:18:17 PM - DEBUG - auth.service - login with username: admin (sid: IAlkLdwjXMtN0gAQW4vCv5su-ghJPWUZ)
9/9/2021, 12:21:18 PM - DEBUG - auth.service - login with username: admin (sid: IAlkLdwjXMtN0gAQW4vCv5su-ghJPWUZ)
9/9/2021, 12:37:14 PM - INFO - Server is running on port: 3030 
9/9/2021, 12:37:17 PM - DEBUG - auth.service - login with username: admin (sid: mhVMIlCZ2BnJx7Np41EPvNB8JKNSDH1p)
9/9/2021, 12:38:57 PM - INFO - Server is running on port: 3030 
9/9/2021, 12:39:04 PM - DEBUG - auth.service - login with username: admin (sid: hASSvABcK5Ll2B4J4Es904k8W12UC27u)
9/9/2021, 12:39:24 PM - INFO - Server is running on port: 3030 
9/9/2021, 12:39:29 PM - DEBUG - auth.service - login with username: admin (sid: I7BdQ8za7hken1YQ7LcWnbLEzwTkrtV0)
9/9/2021, 12:45:45 PM - INFO - Server is running on port: 3030 
9/9/2021, 12:46:08 PM - DEBUG - auth.service - login with username: admin (sid: AiKhpteRm1MSXUpndyVJZk0HzNUpFd7O)
9/9/2021, 12:46:49 PM - INFO - Server is running on port: 3030 
9/9/2021, 12:47:00 PM - DEBUG - auth.service - login with username: admin (sid: did2ESjQCDUnTw2QPDIoItd8Eyp6Aqi5)
9/9/2021, 12:47:33 PM - DEBUG - auth.service - login with username: admin2 (sid: did2ESjQCDUnTw2QPDIoItd8Eyp6Aqi5)
9/9/2021, 12:48:16 PM - INFO - Server is running on port: 3030 
9/9/2021, 12:51:11 PM - ERROR - Failed to move piece on board | TypeError: Cannot read property 'gameBoard' of undefined (sid: nEYULBefHjZesqWfrl1cmzwkBz6YeEsm)
9/9/2021, 12:51:25 PM - ERROR - Failed to move piece on board | TypeError: Cannot read property 'gameBoard' of undefined (sid: nEYULBefHjZesqWfrl1cmzwkBz6YeEsm)
9/9/2021, 12:52:47 PM - INFO - Server is running on port: 3030 
9/9/2021, 12:53:14 PM - DEBUG - auth.service - login with username: admin1 (sid: AS3xJX1_e8OxLSM23RNjRm17uhBeazcG)
9/9/2021, 12:53:14 PM - ERROR - Failed to Login Invalid username or password (sid: AS3xJX1_e8OxLSM23RNjRm17uhBeazcG)
9/9/2021, 12:53:19 PM - DEBUG - auth.service - login with username: admin (sid: AS3xJX1_e8OxLSM23RNjRm17uhBeazcG)
9/9/2021, 12:53:25 PM - DEBUG - auth.service - login with username: admin2 (sid: AS3xJX1_e8OxLSM23RNjRm17uhBeazcG)
9/9/2021, 12:56:09 PM - DEBUG - auth.service - login with username: admin2 (sid: AS3xJX1_e8OxLSM23RNjRm17uhBeazcG)
9/9/2021, 12:59:05 PM - INFO - Server is running on port: 3030 
9/9/2021, 12:59:19 PM - INFO - Server is running on port: 3030 
9/9/2021, 12:59:39 PM - DEBUG - auth.service - login with username: admin2 (sid: pHRVDdQL4gKWqdzffIYI-bwjfciuahwH)
9/9/2021, 12:59:46 PM - DEBUG - auth.service - login with username: admin (sid: pHRVDdQL4gKWqdzffIYI-bwjfciuahwH)
9/9/2021, 1:03:48 PM - INFO - Server is running on port: 3030 
9/9/2021, 1:07:13 PM - DEBUG - auth.service - login with username: admin (sid: z8wPOA3VHUiCj9-VDl634EuVNyfIvbha)
9/9/2021, 1:07:29 PM - DEBUG - auth.service - login with username: admin2 (sid: z8wPOA3VHUiCj9-VDl634EuVNyfIvbha)
9/9/2021, 1:14:14 PM - INFO - Server is running on port: 3030 
9/9/2021, 1:16:37 PM - INFO - Server is running on port: 3030 
9/9/2021, 1:16:50 PM - DEBUG - auth.service - login with username: admin2 (sid: cYdp0wkGmvycmep8Rl4tclvfTdTrpziS)
9/9/2021, 1:17:01 PM - DEBUG - auth.service - login with username: admin (sid: cYdp0wkGmvycmep8Rl4tclvfTdTrpziS)
9/9/2021, 1:19:23 PM - DEBUG - auth.service - login with username: admin (sid: cYdp0wkGmvycmep8Rl4tclvfTdTrpziS)
9/9/2021, 1:19:45 PM - DEBUG - auth.service - login with username: admin2 (sid: cYdp0wkGmvycmep8Rl4tclvfTdTrpziS)
9/9/2021, 1:21:54 PM - DEBUG - auth.service - login with username: admin (sid: cYdp0wkGmvycmep8Rl4tclvfTdTrpziS)
9/9/2021, 1:23:06 PM - INFO - Server is running on port: 3030 
9/9/2021, 1:38:54 PM - DEBUG - auth.service - login with username: admin (sid: G2Z86LUSkvDDqlpZDt-rqCUSLzvqkVx0)
9/9/2021, 1:39:03 PM - DEBUG - auth.service - login with username: admin2 (sid: G2Z86LUSkvDDqlpZDt-rqCUSLzvqkVx0)
9/9/2021, 2:23:01 PM - INFO - Server is running on port: 3030 
9/9/2021, 3:59:23 PM - INFO - Server is running on port: 3030 
9/9/2021, 4:02:31 PM - DEBUG - auth.service - login with username: admin2 (sid: X-i7uqxfR13jZMC4LqQHMR_6BD-X2wLj)
9/9/2021, 4:02:55 PM - DEBUG - auth.service - login with username: admin (sid: X-i7uqxfR13jZMC4LqQHMR_6BD-X2wLj)
9/9/2021, 4:21:32 PM - DEBUG - auth.service - login with username: admin (sid: X-i7uqxfR13jZMC4LqQHMR_6BD-X2wLj)
9/9/2021, 4:44:32 PM - DEBUG - auth.service - login with username: admin (sid: X-i7uqxfR13jZMC4LqQHMR_6BD-X2wLj)
9/9/2021, 4:50:20 PM - DEBUG - auth.service - login with username: admin (sid: X-i7uqxfR13jZMC4LqQHMR_6BD-X2wLj)
9/9/2021, 4:59:36 PM - ERROR - Failed to move piece on board | TypeError: Cannot read property 'gameBoard' of undefined (sid: X-i7uqxfR13jZMC4LqQHMR_6BD-X2wLj)
9/9/2021, 4:59:37 PM - ERROR - Failed to move piece on board | TypeError: Cannot read property 'gameBoard' of undefined (sid: X-i7uqxfR13jZMC4LqQHMR_6BD-X2wLj)
9/9/2021, 4:59:39 PM - ERROR - Failed to move piece on board | TypeError: Cannot read property 'gameBoard' of undefined (sid: X-i7uqxfR13jZMC4LqQHMR_6BD-X2wLj)
9/9/2021, 9:23:49 PM - INFO - Server is running on port: 3030 
9/9/2021, 9:33:17 PM - DEBUG - auth.service - login with username: admin (sid: DffMze-e8GsrptXaBmZVRwNLLMAQallm)
9/9/2021, 9:34:04 PM - DEBUG - auth.service - login with username: admin2 (sid: DffMze-e8GsrptXaBmZVRwNLLMAQallm)
9/9/2021, 11:01:11 PM - INFO - Server is running on port: 3030 
9/9/2021, 11:02:19 PM - DEBUG - auth.service - login with username: admin (sid: OrEqNWhfHqUJEmPapZqBH4PrBuk6YX6r)
9/9/2021, 11:30:06 PM - INFO - Server is running on port: 3030 
9/9/2021, 11:32:06 PM - INFO - Server is running on port: 3030 
9/9/2021, 11:32:06 PM - ERROR - Failed to update board | TypeError: Cannot read property 'blackPlayer' of undefined (sid: 7oOh6hAutcwKOnpG_Hv92SDrcLNHDS96)
9/9/2021, 11:32:06 PM - ERROR - Failed to update board | TypeError: Cannot read property 'blackPlayer' of undefined (sid: V-4gscygZQjdb_G3ENmVw6AJXmhnfcKJ)
9/9/2021, 11:32:23 PM - INFO - Server is running on port: 3030 
9/9/2021, 11:33:58 PM - DEBUG - auth.service - login with username: admin (sid: mmzVEYydVmiMQP5QXpEuhdH2xIxT-BhL)
9/9/2021, 11:34:08 PM - DEBUG - auth.service - login with username: admin2 (sid: mmzVEYydVmiMQP5QXpEuhdH2xIxT-BhL)
9/9/2021, 11:35:19 PM - ERROR - Failed to move piece on board | TypeError: Cannot set property '#<Object>' of undefined (sid: mmzVEYydVmiMQP5QXpEuhdH2xIxT-BhL)
9/9/2021, 11:36:39 PM - INFO - Server is running on port: 3030 
9/9/2021, 11:36:39 PM - ERROR - Failed to update board | TypeError: Cannot read property 'blackPlayer' of undefined (sid: dSpls76_jtaQb9ngRdFtPrs5aOROp1rj)
9/9/2021, 11:36:39 PM - ERROR - Failed to update board | TypeError: Cannot read property 'blackPlayer' of undefined (sid: IyxPrZ2V9UXSYna42zfuK0h_EsHgYOMu)
9/9/2021, 11:36:46 PM - INFO - Server is running on port: 3030 
9/9/2021, 11:37:48 PM - DEBUG - auth.service - login with username: admin2 (sid: IiEEXblS3HfB3uO3jrFKGRUx0dR1CDhD)
9/9/2021, 11:37:51 PM - DEBUG - auth.service - login with username: admin (sid: IiEEXblS3HfB3uO3jrFKGRUx0dR1CDhD)
9/9/2021, 11:38:21 PM - ERROR - Failed to move piece on board | TypeError: game.whitePlayer.user is not iterable (sid: IiEEXblS3HfB3uO3jrFKGRUx0dR1CDhD)
9/9/2021, 11:39:49 PM - INFO - Server is running on port: 3030 
9/9/2021, 11:39:49 PM - ERROR - Failed to update board | TypeError: Cannot read property 'blackPlayer' of undefined (sid: nHzq3uBPb_204BdLlnF33vH5hPhYsKRh)
9/9/2021, 11:39:49 PM - ERROR - Failed to update board | TypeError: Cannot read property 'blackPlayer' of undefined (sid: 7PBCdx4NY25DqYkju22iRgSNVEUlrQGF)
9/9/2021, 11:42:19 PM - INFO - Server is running on port: 3030 
9/9/2021, 11:42:43 PM - DEBUG - auth.service - login with username: admin (sid: lo-diHShM2eHeFgKvi4miDhvICnxyYIG)
9/9/2021, 11:42:47 PM - DEBUG - auth.service - login with username: admin2 (sid: lo-diHShM2eHeFgKvi4miDhvICnxyYIG)
9/9/2021, 11:44:16 PM - INFO - Server is running on port: 3030 
9/9/2021, 11:44:16 PM - ERROR - Failed to update board | TypeError: Cannot read property 'blackPlayer' of undefined (sid: i72CuEqx2vZ_lPcJMZrkQD1tl1UpMt7z)
9/9/2021, 11:44:18 PM - INFO - Server is running on port: 3030 
